认证成功，开始演示批量操作...
批量订阅 1 只股票...
批量订阅请求已发送
2025/06/12 22:28:45 [数据流转] 收到数据: 股票=SZ002094, 类型=4, 数据结构=[]interface {}
2025/06/12 22:28:45 [数据流转] 逐笔成交数据为数组格式，长度: 56
2025/06/12 22:28:45 [数据流转] 成功解析 56 条逐笔成交记录
[逐笔成交] 股票: SZ002094, 价格: 9.2700, 成交量: -2200, 时间: 15:00:00, 成交ID: 87840
[逐笔成交] 股票: SZ002094, 价格: 9.2700, 成交量: -100, 时间: 15:00:00, 成交ID: 87841
[逐笔成交] 股票: SZ002094, 价格: 9.2700, 成交量: -1000, 时间: 15:00:00, 成交ID: 87842
[逐笔成交] 股票: SZ002094, 价格: 9.2700, 成交量: -2200, 时间: 15:00:00, 成交ID: 87843
[逐笔成交] 股票: SZ002094, 价格: 9.2700, 成交量: -700, 时间: 15:00:00, 成交ID: 87844
[逐笔成交] 股票: SZ002094, 价格: 9.2700, 成交量: -300, 时间: 15:00:00, 成交ID: 87845
[逐笔成交] 股票: SZ002094, 价格: 9.2700, 成交量: -700, 时间: 15:00:00, 成交ID: 87846
[逐笔成交] 股票: SZ002094, 价格: 9.2700, 成交量: -1000, 时间: 15:00:00, 成交ID: 87847
[逐笔成交] 股票: SZ002094, 价格: 9.2700, 成交量: -500, 时间: 15:00:00, 成交ID: 87848
[逐笔成交] 股票: SZ002094, 价格: 9.2700, 成交量: -200, 时间: 15:00:00, 成交ID: 87849
[逐笔成交] 股票: SZ002094, 价格: 9.2700, 成交量: -100, 时间: 15:00:00, 成交ID: 87850
[逐笔成交] 股票: SZ002094, 价格: 9.2700, 成交量: -900, 时间: 15:00:00, 成交ID: 87851
[逐笔成交] 股票: SZ002094, 价格: 9.2700, 成交量: -200, 时间: 15:00:00, 成交ID: 87852
[逐笔成交] 股票: SZ002094, 价格: 9.2700, 成交量: -700, 时间: 15:00:00, 成交ID: 87853
[逐笔成交] 股票: SZ002094, 价格: 9.2700, 成交量: -400, 时间: 15:00:00, 成交ID: 87854
[逐笔成交] 股票: SZ002094, 价格: 9.2700, 成交量: -100, 时间: 15:00:00, 成交ID: 87855
[逐笔成交] 股票: SZ002094, 价格: 9.2700, 成交量: -1300, 时间: 15:00:00, 成交ID: 87856
[逐笔成交] 股票: SZ002094, 价格: 9.2700, 成交量: -200, 时间: 15:00:00, 成交ID: 87857
[逐笔成交] 股票: SZ002094, 价格: 9.2700, 成交量: -400, 时间: 15:00:00, 成交ID: 87858
[逐笔成交] 股票: SZ002094, 价格: 9.2700, 成交量: -1600, 时间: 15:00:00, 成交ID: 87859
[逐笔成交] 股票: SZ002094, 价格: 9.2700, 成交量: -1100, 时间: 15:00:00, 成交ID: 87860
[逐笔成交] 股票: SZ002094, 价格: 9.2700, 成交量: -500, 时间: 15:00:00, 成交ID: 87861
[逐笔成交] 股票: SZ002094, 价格: 9.2700, 成交量: -200, 时间: 15:00:00, 成交ID: 87862
[逐笔成交] 股票: SZ002094, 价格: 9.2700, 成交量: -400, 时间: 15:00:00, 成交ID: 87863
[逐笔成交] 股票: SZ002094, 价格: 9.2700, 成交量: -300, 时间: 15:00:00, 成交ID: 87864
[逐笔成交] 股票: SZ002094, 价格: 9.2700, 成交量: -100, 时间: 15:00:00, 成交ID: 87865
[逐笔成交] 股票: SZ002094, 价格: 9.2700, 成交量: -600, 时间: 15:00:00, 成交ID: 87866
[逐笔成交] 股票: SZ002094, 价格: 9.2700, 成交量: -400, 时间: 15:00:00, 成交ID: 87867
[逐笔成交] 股票: SZ002094, 价格: 9.2700, 成交量: -2100, 时间: 15:00:00, 成交ID: 87868
[逐笔成交] 股票: SZ002094, 价格: 9.2700, 成交量: -100, 时间: 15:00:00, 成交ID: 87869
[逐笔成交] 股票: SZ002094, 价格: 9.2700, 成交量: -1200, 时间: 15:00:00, 成交ID: 87870
[逐笔成交] 股票: SZ002094, 价格: 9.2700, 成交量: -1200, 时间: 15:00:00, 成交ID: 87871
[逐笔成交] 股票: SZ002094, 价格: 9.2700, 成交量: -1000, 时间: 15:00:00, 成交ID: 87872
[逐笔成交] 股票: SZ002094, 价格: 9.2700, 成交量: -300, 时间: 15:00:00, 成交ID: 87873
[逐笔成交] 股票: SZ002094, 价格: 9.2700, 成交量: -200, 时间: 15:00:00, 成交ID: 87874
[逐笔成交] 股票: SZ002094, 价格: 9.2700, 成交量: -100, 时间: 15:00:00, 成交ID: 87875
[逐笔成交] 股票: SZ002094, 价格: 9.2700, 成交量: -200, 时间: 15:00:00, 成交ID: 87876
[逐笔成交] 股票: SZ002094, 价格: 9.2700, 成交量: -400, 时间: 15:00:00, 成交ID: 87877
[逐笔成交] 股票: SZ002094, 价格: 9.2700, 成交量: -100, 时间: 15:00:00, 成交ID: 87878
[逐笔成交] 股票: SZ002094, 价格: 9.2700, 成交量: -500, 时间: 15:00:00, 成交ID: 87879
[逐笔成交] 股票: SZ002094, 价格: 9.2700, 成交量: -500, 时间: 15:00:00, 成交ID: 87880
[逐笔成交] 股票: SZ002094, 价格: 9.2700, 成交量: -2200, 时间: 15:00:00, 成交ID: 87881
[逐笔成交] 股票: SZ002094, 价格: 9.2700, 成交量: -300, 时间: 15:00:00, 成交ID: 87882
[逐笔成交] 股票: SZ002094, 价格: 9.2700, 成交量: -200, 时间: 15:00:00, 成交ID: 87883
[逐笔成交] 股票: SZ002094, 价格: 9.2700, 成交量: -200, 时间: 15:00:00, 成交ID: 87884
[逐笔成交] 股票: SZ002094, 价格: 9.2700, 成交量: -400, 时间: 15:00:00, 成交ID: 87885
[逐笔成交] 股票: SZ002094, 价格: 9.2700, 成交量: -700, 时间: 15:00:00, 成交ID: 87886
[逐笔成交] 股票: SZ002094, 价格: 9.2700, 成交量: -300, 时间: 15:00:00, 成交ID: 87887
[逐笔成交] 股票: SZ002094, 价格: 9.2700, 成交量: -400, 时间: 15:00:00, 成交ID: 87888
[逐笔成交] 股票: SZ002094, 价格: 9.2700, 成交量: -1000, 时间: 15:00:00, 成交ID: 87889
[逐笔成交] 股票: SZ002094, 价格: 9.2700, 成交量: -100, 时间: 15:00:00, 成交ID: 87890
[逐笔成交] 股票: SZ002094, 价格: 9.2700, 成交量: -400, 时间: 15:00:00, 成交ID: 87891
[逐笔成交] 股票: SZ002094, 价格: 9.2700, 成交量: -2000, 时间: 15:00:00, 成交ID: 87892
[逐笔成交] 股票: SZ002094, 价格: 9.2700, 成交量: -2200, 时间: 15:00:00, 成交ID: 87893
[逐笔成交] 股票: SZ002094, 价格: 9.2700, 成交量: -300, 时间: 15:00:00, 成交ID: 87894
[逐笔成交] 股票: SZ002094, 价格: 9.2700, 成交量: -300, 时间: 15:00:00, 成交ID: 87895
2025/06/12 22:28:45 [数据流转] 收到数据: 股票=SZ002094, 类型=14, 数据结构=[]interface {}
2025/06/12 22:28:45 [数据流转] 逐笔委托数据为数组格式，长度: 41
2025/06/12 22:28:45 [数据流转] 成功解析 41 条逐笔委托记录
[逐笔委托] 股票: SZ002094, 价格: 9.2700, 数量: 100, 类型: 买入报单, 时间: 14:59:53.860, 索引: 183649
[逐笔委托] 股票: SZ002094, 价格: 9.2400, 数量: 900, 类型: 卖出报单, 时间: 14:59:53.860, 索引: 183650
[逐笔委托] 股票: SZ002094, 价格: 9.2700, 数量: 1000, 类型: 买入报单, 时间: 14:59:53.920, 索引: 183651
[逐笔委托] 股票: SZ002094, 价格: 9.2700, 数量: 1000, 类型: 买入报单, 时间: 14:59:54.090, 索引: 183652
[逐笔委托] 股票: SZ002094, 价格: 9.2700, 数量: 100, 类型: 买入报单, 时间: 14:59:54.190, 索引: 183653
[逐笔委托] 股票: SZ002094, 价格: 9.2800, 数量: 500, 类型: 买入报单, 时间: 14:59:54.390, 索引: 183654
[逐笔委托] 股票: SZ002094, 价格: 9.2900, 数量: 1000, 类型: 买入报单, 时间: 14:59:54.390, 索引: 183655
[逐笔委托] 股票: SZ002094, 价格: 9.3100, 数量: 1700, 类型: 买入报单, 时间: 14:59:54.470, 索引: 183656
[逐笔委托] 股票: SZ002094, 价格: 9.3200, 数量: 600, 类型: 买入报单, 时间: 14:59:54.470, 索引: 183657
[逐笔委托] 股票: SZ002094, 价格: 9.3100, 数量: 12800, 类型: 买入报单, 时间: 14:59:54.620, 索引: 183658
[逐笔委托] 股票: SZ002094, 价格: 9.3000, 数量: 2000, 类型: 买入报单, 时间: 14:59:54.670, 索引: 183659
[逐笔委托] 股票: SZ002094, 价格: 9.2700, 数量: 3600, 类型: 买入报单, 时间: 14:59:54.990, 索引: 183660
[逐笔委托] 股票: SZ002094, 价格: 9.2800, 数量: 2000, 类型: 买入报单, 时间: 14:59:55.040, 索引: 183661
[逐笔委托] 股票: SZ002094, 价格: 9.2300, 数量: 2200, 类型: 卖出报单, 时间: 14:59:55.280, 索引: 183662
[逐笔委托] 股票: SZ002094, 价格: 9.2700, 数量: 1000, 类型: 买入报单, 时间: 14:59:55.290, 索引: 183663
[逐笔委托] 股票: SZ002094, 价格: 9.2700, 数量: 1000, 类型: 买入报单, 时间: 14:59:55.450, 索引: 183664
[逐笔委托] 股票: SZ002094, 价格: 9.2200, 数量: 600, 类型: 卖出报单, 时间: 14:59:55.480, 索引: 183665
[逐笔委托] 股票: SZ002094, 价格: 9.2700, 数量: 1100, 类型: 卖出报单, 时间: 14:59:55.720, 索引: 183666
[逐笔委托] 股票: SZ002094, 价格: 10.0000, 数量: 300, 类型: 买入报单, 时间: 14:59:56.000, 索引: 183667
[逐笔委托] 股票: SZ002094, 价格: 9.2700, 数量: 600, 类型: 买入报单, 时间: 14:59:56.200, 索引: 183668
[逐笔委托] 股票: SZ002094, 价格: 9.2700, 数量: 1700, 类型: 买入报单, 时间: 14:59:56.250, 索引: 183669
[逐笔委托] 股票: SZ002094, 价格: 9.2700, 数量: 1000, 类型: 买入报单, 时间: 14:59:56.320, 索引: 183670
[逐笔委托] 股票: SZ002094, 价格: 9.2700, 数量: 6600, 类型: 买入报单, 时间: 14:59:56.560, 索引: 183671
[逐笔委托] 股票: SZ002094, 价格: 9.2700, 数量: 300, 类型: 买入报单, 时间: 14:59:56.720, 索引: 183672
[逐笔委托] 股票: SZ002094, 价格: 9.2800, 数量: 2000, 类型: 买入报单, 时间: 14:59:56.880, 索引: 183673
[逐笔委托] 股票: SZ002094, 价格: 9.2800, 数量: 1200, 类型: 卖出报单, 时间: 14:59:56.890, 索引: 183674
[逐笔委托] 股票: SZ002094, 价格: 9.4300, 数量: 900, 类型: 买入报单, 时间: 14:59:56.970, 索引: 183675
[逐笔委托] 股票: SZ002094, 价格: 9.2800, 数量: 100, 类型: 买入报单, 时间: 14:59:56.990, 索引: 183676
[逐笔委托] 股票: SZ002094, 价格: 8.4400, 数量: 300, 类型: 卖出报单, 时间: 14:59:57.100, 索引: 183677
[逐笔委托] 股票: SZ002094, 价格: 9.2900, 数量: 1300, 类型: 买入报单, 时间: 14:59:57.370, 索引: 183678
[逐笔委托] 股票: SZ002094, 价格: 9.3200, 数量: 400, 类型: 买入报单, 时间: 14:59:57.580, 索引: 183679
[逐笔委托] 股票: SZ002094, 价格: 9.2700, 数量: 1000, 类型: 卖出报单, 时间: 14:59:57.680, 索引: 183680
[逐笔委托] 股票: SZ002094, 价格: 9.2700, 数量: 1000, 类型: 买入报单, 时间: 14:59:58.060, 索引: 183681
[逐笔委托] 股票: SZ002094, 价格: 9.2700, 数量: 1900, 类型: 卖出报单, 时间: 14:59:58.290, 索引: 183682
[逐笔委托] 股票: SZ002094, 价格: 9.2700, 数量: 1000, 类型: 买入报单, 时间: 14:59:58.490, 索引: 183683
[逐笔委托] 股票: SZ002094, 价格: 9.2700, 数量: 2000, 类型: 卖出报单, 时间: 14:59:58.520, 索引: 183684
[逐笔委托] 股票: SZ002094, 价格: 9.2700, 数量: 1000, 类型: 买入报单, 时间: 14:59:58.720, 索引: 183685
[逐笔委托] 股票: SZ002094, 价格: 9.2700, 数量: 2500, 类型: 卖出报单, 时间: 14:59:59.160, 索引: 183686
[逐笔委托] 股票: SZ002094, 价格: 9.2400, 数量: 800, 类型: 卖出报单, 时间: 14:59:59.160, 索引: 183687
[逐笔委托] 股票: SZ002094, 价格: 9.2700, 数量: 300, 类型: 卖出报单, 时间: 14:59:59.470, 索引: 183688
[逐笔委托] 股票: SZ002094, 价格: 9.2700, 数量: 200, 类型: 买入报单, 时间: 14:59:59.990, 索引: 183689
2025/06/12 22:28:45 [数据流转] 收到数据: 股票=SZ002094, 类型=8, 数据结构=[]interface {}
2025/06/12 22:28:45 [数据流转] 逐笔明细数据为数组格式，长度: 56
2025/06/12 22:28:45 [数据流转] 成功解析 56 条逐笔明细记录
[逐笔明细] 股票: SZ002094, 包ID: 87840, 买单ID: 87841,买标识:192, 卖单ID: 87839,卖标识:0 
          买价: 9.2700, 买量: 2200, 卖价: 9.2700, 卖量: 4500
[逐笔明细] 股票: SZ002094, 包ID: 87841, 买单ID: 87842,买标识:64, 卖单ID: 87839,卖标识:128 
          买价: 9.2700, 买量: 3300, 卖价: 9.2700, 卖量: 4500
[逐笔明细] 股票: SZ002094, 包ID: 87842, 买单ID: 87842,买标识:0, 卖单ID: 87843,卖标识:192 
          买价: 9.2700, 买量: 3300, 卖价: 9.2700, 卖量: 1000
[逐笔明细] 股票: SZ002094, 包ID: 87843, 买单ID: 87842,买标识:128, 卖单ID: 87844,卖标识:64 
          买价: 9.2700, 买量: 3300, 卖价: 9.2700, 卖量: 2900
[逐笔明细] 股票: SZ002094, 包ID: 87844, 买单ID: 87845,买标识:64, 卖单ID: 87844,卖标识:128 
          买价: 9.2700, 买量: 1000, 卖价: 9.2700, 卖量: 2900
[逐笔明细] 股票: SZ002094, 包ID: 87845, 买单ID: 87845,买标识:128, 卖单ID: 87846,卖标识:64 
          买价: 9.2700, 买量: 1000, 卖价: 9.2700, 卖量: 2500
[逐笔明细] 股票: SZ002094, 包ID: 87846, 买单ID: 87847,买标识:192, 卖单ID: 87846,卖标识:0 
          买价: 9.2700, 买量: 700, 卖价: 9.2700, 卖量: 2500
[逐笔明细] 股票: SZ002094, 包ID: 87847, 买单ID: 87848,买标识:192, 卖单ID: 87846,卖标识:0 
          买价: 9.2700, 买量: 1000, 卖价: 9.2700, 卖量: 2500
[逐笔明细] 股票: SZ002094, 包ID: 87848, 买单ID: 87849,买标识:64, 卖单ID: 87846,卖标识:128 
          买价: 9.2700, 买量: 700, 卖价: 9.2700, 卖量: 2500
[逐笔明细] 股票: SZ002094, 包ID: 87849, 买单ID: 87849,买标识:128, 卖单ID: 87850,卖标识:192 
          买价: 9.2700, 买量: 700, 卖价: 9.2700, 卖量: 200
[逐笔明细] 股票: SZ002094, 包ID: 87850, 买单ID: 87851,买标识:192, 卖单ID: 87851,卖标识:64 
          买价: 9.2700, 买量: 100, 卖价: 9.2700, 卖量: 1000
[逐笔明细] 股票: SZ002094, 包ID: 87851, 买单ID: 87852,买标识:64, 卖单ID: 87851,卖标识:128 
          买价: 9.2700, 买量: 1100, 卖价: 9.2700, 卖量: 1000
[逐笔明细] 股票: SZ002094, 包ID: 87852, 买单ID: 87852,买标识:128, 卖单ID: 87853,卖标识:64 
          买价: 9.2700, 买量: 1100, 卖价: 9.2700, 卖量: 1300
[逐笔明细] 股票: SZ002094, 包ID: 87853, 买单ID: 87854,买标识:192, 卖单ID: 87853,卖标识:0 
          买价: 9.2700, 买量: 700, 卖价: 9.2700, 卖量: 1300
[逐笔明细] 股票: SZ002094, 包ID: 87854, 买单ID: 87855,买标识:64, 卖单ID: 87853,卖标识:128 
          买价: 9.2700, 买量: 500, 卖价: 9.2700, 卖量: 1300
[逐笔明细] 股票: SZ002094, 包ID: 87855, 买单ID: 87855,买标识:128, 卖单ID: 87856,卖标识:64 
          买价: 9.2700, 买量: 500, 卖价: 9.2700, 卖量: 1600
[逐笔明细] 股票: SZ002094, 包ID: 87856, 买单ID: 87857,买标识:192, 卖单ID: 87856,卖标识:0 
          买价: 9.2700, 买量: 1300, 卖价: 9.2700, 卖量: 1600
[逐笔明细] 股票: SZ002094, 包ID: 87857, 买单ID: 87858,买标识:64, 卖单ID: 87856,卖标识:128 
          买价: 9.2700, 买量: 600, 卖价: 9.2700, 卖量: 1600
[逐笔明细] 股票: SZ002094, 包ID: 87858, 买单ID: 87858,买标识:128, 卖单ID: 87859,卖标识:64 
          买价: 9.2700, 买量: 600, 卖价: 9.2700, 卖量: 2000
[逐笔明细] 股票: SZ002094, 包ID: 87859, 买单ID: 87860,买标识:64, 卖单ID: 87859,卖标识:128 
          买价: 9.2700, 买量: 3800, 卖价: 9.2700, 卖量: 2000
[逐笔明细] 股票: SZ002094, 包ID: 87860, 买单ID: 87860,买标识:0, 卖单ID: 87861,卖标识:192 
          买价: 9.2700, 买量: 3800, 卖价: 9.2700, 卖量: 1100
[逐笔明细] 股票: SZ002094, 包ID: 87861, 买单ID: 87860,买标识:0, 卖单ID: 87862,卖标识:192 
          买价: 9.2700, 买量: 3800, 卖价: 9.2700, 卖量: 500
[逐笔明细] 股票: SZ002094, 包ID: 87862, 买单ID: 87860,买标识:0, 卖单ID: 87863,卖标识:192 
          买价: 9.2700, 买量: 3800, 卖价: 9.2700, 卖量: 200
[逐笔明细] 股票: SZ002094, 包ID: 87863, 买单ID: 87860,买标识:128, 卖单ID: 87864,卖标识:64 
          买价: 9.2700, 买量: 3800, 卖价: 9.2700, 卖量: 800
[逐笔明细] 股票: SZ002094, 包ID: 87864, 买单ID: 87865,买标识:192, 卖单ID: 87864,卖标识:0 
          买价: 9.2700, 买量: 300, 卖价: 9.2700, 卖量: 800
[逐笔明细] 股票: SZ002094, 包ID: 87865, 买单ID: 87866,买标识:64, 卖单ID: 87864,卖标识:128 
          买价: 9.2700, 买量: 700, 卖价: 9.2700, 卖量: 800
[逐笔明细] 股票: SZ002094, 包ID: 87866, 买单ID: 87866,买标识:128, 卖单ID: 87867,卖标识:64 
          买价: 9.2700, 买量: 700, 卖价: 9.2700, 卖量: 1000
[逐笔明细] 股票: SZ002094, 包ID: 87867, 买单ID: 87868,买标识:64, 卖单ID: 87867,卖标识:128 
          买价: 9.2700, 买量: 5000, 卖价: 9.2700, 卖量: 1000
[逐笔明细] 股票: SZ002094, 包ID: 87868, 买单ID: 87868,买标识:0, 卖单ID: 87869,卖标识:192 
          买价: 9.2700, 买量: 5000, 卖价: 9.2700, 卖量: 2100
[逐笔明细] 股票: SZ002094, 包ID: 87869, 买单ID: 87868,买标识:0, 卖单ID: 87870,卖标识:192 
          买价: 9.2700, 买量: 5000, 卖价: 9.2700, 卖量: 100
[逐笔明细] 股票: SZ002094, 包ID: 87870, 买单ID: 87868,买标识:0, 卖单ID: 87871,卖标识:192 
          买价: 9.2700, 买量: 5000, 卖价: 9.2700, 卖量: 1200
[逐笔明细] 股票: SZ002094, 包ID: 87871, 买单ID: 87868,买标识:128, 卖单ID: 87872,卖标识:64 
          买价: 9.2700, 买量: 5000, 卖价: 9.2700, 卖量: 3400
[逐笔明细] 股票: SZ002094, 包ID: 87872, 买单ID: 87873,买标识:192, 卖单ID: 87872,卖标识:0 
          买价: 9.2700, 买量: 1000, 卖价: 9.2700, 卖量: 3400
[逐笔明细] 股票: SZ002094, 包ID: 87873, 买单ID: 87874,买标识:192, 卖单ID: 87872,卖标识:0 
          买价: 9.2700, 买量: 300, 卖价: 9.2700, 卖量: 3400
[逐笔明细] 股票: SZ002094, 包ID: 87874, 买单ID: 87875,买标识:192, 卖单ID: 87872,卖标识:0 
          买价: 9.2700, 买量: 200, 卖价: 9.2700, 卖量: 3400
[逐笔明细] 股票: SZ002094, 包ID: 87875, 买单ID: 87876,买标识:192, 卖单ID: 87872,卖标识:0 
          买价: 9.2700, 买量: 100, 卖价: 9.2700, 卖量: 3400
[逐笔明细] 股票: SZ002094, 包ID: 87876, 买单ID: 87877,买标识:192, 卖单ID: 87872,卖标识:0 
          买价: 9.2700, 买量: 200, 卖价: 9.2700, 卖量: 3400
[逐笔明细] 股票: SZ002094, 包ID: 87877, 买单ID: 87878,买标识:64, 卖单ID: 87872,卖标识:128 
          买价: 9.2700, 买量: 1000, 卖价: 9.2700, 卖量: 3400
[逐笔明细] 股票: SZ002094, 包ID: 87878, 买单ID: 87878,买标识:0, 卖单ID: 87879,卖标识:192 
          买价: 9.2700, 买量: 1000, 卖价: 9.2700, 卖量: 100
[逐笔明细] 股票: SZ002094, 包ID: 87879, 买单ID: 87878,买标识:128, 卖单ID: 87880,卖标识:64 
          买价: 9.2700, 买量: 1000, 卖价: 9.2700, 卖量: 1000
[逐笔明细] 股票: SZ002094, 包ID: 87880, 买单ID: 87881,买标识:64, 卖单ID: 87880,卖标识:128 
          买价: 9.2700, 买量: 3000, 卖价: 9.2700, 卖量: 1000
[逐笔明细] 股票: SZ002094, 包ID: 87881, 买单ID: 87881,买标识:0, 卖单ID: 87882,卖标识:192 
          买价: 9.2700, 买量: 3000, 卖价: 9.2700, 卖量: 2200
[逐笔明细] 股票: SZ002094, 包ID: 87882, 买单ID: 87881,买标识:128, 卖单ID: 87883,卖标识:64 
          买价: 9.2700, 买量: 3000, 卖价: 9.2700, 卖量: 1100
[逐笔明细] 股票: SZ002094, 包ID: 87883, 买单ID: 87884,买标识:192, 卖单ID: 87883,卖标识:0 
          买价: 9.2700, 买量: 200, 卖价: 9.2700, 卖量: 1100
[逐笔明细] 股票: SZ002094, 包ID: 87884, 买单ID: 87885,买标识:192, 卖单ID: 87883,卖标识:0 
          买价: 9.2700, 买量: 200, 卖价: 9.2700, 卖量: 1100
[逐笔明细] 股票: SZ002094, 包ID: 87885, 买单ID: 87886,买标识:64, 卖单ID: 87883,卖标识:128 
          买价: 9.2700, 买量: 1100, 卖价: 9.2700, 卖量: 1100
[逐笔明细] 股票: SZ002094, 包ID: 87886, 买单ID: 87886,买标识:128, 卖单ID: 87887,卖标识:64 
          买价: 9.2700, 买量: 1100, 卖价: 9.2700, 卖量: 1000
[逐笔明细] 股票: SZ002094, 包ID: 87887, 买单ID: 87888,买标识:64, 卖单ID: 87887,卖标识:128 
          买价: 9.2700, 买量: 700, 卖价: 9.2700, 卖量: 1000
[逐笔明细] 股票: SZ002094, 包ID: 87888, 买单ID: 87888,买标识:128, 卖单ID: 87889,卖标识:64 
          买价: 9.2700, 买量: 700, 卖价: 9.2700, 卖量: 1900
[逐笔明细] 股票: SZ002094, 包ID: 87889, 买单ID: 87890,买标识:192, 卖单ID: 87889,卖标识:0 
          买价: 9.2700, 买量: 1000, 卖价: 9.2700, 卖量: 1900
[逐笔明细] 股票: SZ002094, 包ID: 87890, 买单ID: 87891,买标识:192, 卖单ID: 87889,卖标识:0 
          买价: 9.2700, 买量: 100, 卖价: 9.2700, 卖量: 1900
[逐笔明细] 股票: SZ002094, 包ID: 87891, 买单ID: 87892,买标识:64, 卖单ID: 87889,卖标识:128 
          买价: 9.2700, 买量: 4600, 卖价: 9.2700, 卖量: 1900
[逐笔明细] 股票: SZ002094, 包ID: 87892, 买单ID: 87892,买标识:0, 卖单ID: 87893,卖标识:192 
          买价: 9.2700, 买量: 4600, 卖价: 9.2700, 卖量: 2000
[逐笔明细] 股票: SZ002094, 包ID: 87893, 买单ID: 87892,买标识:128, 卖单ID: 87894,卖标识:64 
          买价: 9.2700, 买量: 4600, 卖价: 9.2700, 卖量: 2500
[逐笔明细] 股票: SZ002094, 包ID: 87894, 买单ID: 87895,买标识:64, 卖单ID: 87894,卖标识:128 
          买价: 9.2700, 买量: 2000, 卖价: 9.2700, 卖量: 2500
[逐笔明细] 股票: SZ002094, 包ID: 87895, 买单ID: 87895,买标识:0, 卖单ID: 87896,卖标识:192 
          买价: 9.2700, 买量: 2000, 卖价: 9.2700, 卖量: 300
当前订阅数量: 1
  002094: [4 8 14]
演示完成，按任意键退出...
收到错误: read message error: websocket: close 1006 (abnormal closure): unexpected EOF
signal: interrupt
