认证成功，开始演示批量操作...
批量订阅 7 只股票...
批量订阅请求已发送
2025/06/12 20:34:24 [数据流转] 收到数据: 股票=SZ002094, 类型=8, 数据结构=[]interface {}
2025/06/12 20:34:24 [数据流转] 逐笔明细数据为数组格式，长度: 56
2025/06/12 20:34:24 [数据流转] 成功解析 56 条逐笔明细记录
[逐笔明细] 股票: SZ002094, 包ID: 87840, 买单ID: 0, 卖单ID: 0
          买价: 9.2700, 买量: 2200, 卖价: 9.2700, 卖量: 4500
[逐笔明细] 股票: SZ002094, 包ID: 87841, 买单ID: 0, 卖单ID: 0
          买价: 9.2700, 买量: 3300, 卖价: 9.2700, 卖量: 4500
[逐笔明细] 股票: SZ002094, 包ID: 87842, 买单ID: 0, 卖单ID: 0
          买价: 9.2700, 买量: 3300, 卖价: 9.2700, 卖量: 1000
2025/06/12 20:34:24 [数据流转] 收到数据: 股票=SZ000002, 类型=14, 数据结构=[]interface {}
2025/06/12 20:34:24 [数据流转] 逐笔委托数据为数组格式，长度: 33
2025/06/12 20:34:24 [数据流转] 成功解析 33 条逐笔委托记录
[逐笔委托] 股票: SZ000002, 价格: 6.5600, 数量: 75800, 类型: 买入报单, 时间: 14:59:50.000, 索引: 80033
[逐笔委托] 股票: SZ000002, 价格: 6.5500, 数量: 800, 类型: 卖出报单, 时间: 14:59:50.390, 索引: 80034
[逐笔委托] 股票: SZ000002, 价格: 6.5300, 数量: 15300, 类型: 买入报单, 时间: 14:59:51.050, 索引: 80035
[逐笔委托] 股票: SZ000002, 价格: 6.4400, 数量: 20000, 类型: 卖出报单, 时间: 14:59:51.150, 索引: 80036
[逐笔委托] 股票: SZ000002, 价格: 6.4600, 数量: 40800, 类型: 卖出报单, 时间: 14:59:56.490, 索引: 80053
[逐笔委托] 股票: SZ000002, 价格: 6.5000, 数量: 17000, 类型: 卖出报单, 时间: 14:59:59.140, 索引: 80063
2025/06/12 20:34:24 [数据流转] 收到数据: 股票=SZ000002, 类型=4, 数据结构=[]interface {}
2025/06/12 20:34:24 [数据流转] 逐笔成交数据为数组格式，长度: 56
2025/06/12 20:34:24 [数据流转] 成功解析 56 条逐笔成交记录
[逐笔成交] 股票: SZ000002, 价格: 6.5100, 成交量: 1000, 时间: 15:00:00, 成交ID: 39584
[逐笔成交] 股票: SZ000002, 价格: 6.5100, 成交量: 1400, 时间: 15:00:00, 成交ID: 39585
[逐笔成交] 股票: SZ000002, 价格: 6.5100, 成交量: 700, 时间: 15:00:00, 成交ID: 39586
[逐笔成交] 股票: SZ000002, 价格: 6.5100, 成交量: 19900, 时间: 15:00:00, 成交ID: 39589
[逐笔成交] 股票: SZ000002, 价格: 6.5100, 成交量: 40000, 时间: 15:00:00, 成交ID: 39604
[逐笔成交] 股票: SZ000002, 价格: 6.5100, 成交量: 11700, 时间: 15:00:00, 成交ID: 39620
当前订阅数量: 7
  000002: [4 14]
  600000: [4 8 14]
  600036: [4]
  600519: [4 8]
  002177: [14]
  002094: [4 8]
  000001: [4 8]
演示完成，按任意键退出...
2025/06/12 20:35:20 [数据流转] 收到数据: 股票=SZ000002, 类型=14, 数据结构=[]interface {}
2025/06/12 20:35:20 [数据流转] 逐笔委托数据为数组格式，长度: 33
2025/06/12 20:35:20 [数据流转] 成功解析 33 条逐笔委托记录
[逐笔委托] 股票: SZ000002, 价格: 6.5600, 数量: 75800, 类型: 买入报单, 时间: 14:59:50.000, 索引: 80033
[逐笔委托] 股票: SZ000002, 价格: 6.5500, 数量: 800, 类型: 卖出报单, 时间: 14:59:50.390, 索引: 80034
[逐笔委托] 股票: SZ000002, 价格: 6.5300, 数量: 15300, 类型: 买入报单, 时间: 14:59:51.050, 索引: 80035
[逐笔委托] 股票: SZ000002, 价格: 6.4400, 数量: 20000, 类型: 卖出报单, 时间: 14:59:51.150, 索引: 80036
[逐笔委托] 股票: SZ000002, 价格: 6.4600, 数量: 40800, 类型: 卖出报单, 时间: 14:59:56.490, 索引: 80053
[逐笔委托] 股票: SZ000002, 价格: 6.5000, 数量: 17000, 类型: 卖出报单, 时间: 14:59:59.140, 索引: 80063
2025/06/12 20:35:20 [数据流转] 收到数据: 股票=SZ000002, 类型=4, 数据结构=[]interface {}
2025/06/12 20:35:20 [数据流转] 逐笔成交数据为数组格式，长度: 56
2025/06/12 20:35:20 [数据流转] 成功解析 56 条逐笔成交记录
[逐笔成交] 股票: SZ000002, 价格: 6.5100, 成交量: 1000, 时间: 15:00:00, 成交ID: 39584
[逐笔成交] 股票: SZ000002, 价格: 6.5100, 成交量: 1400, 时间: 15:00:00, 成交ID: 39585
[逐笔成交] 股票: SZ000002, 价格: 6.5100, 成交量: 700, 时间: 15:00:00, 成交ID: 39586
[逐笔成交] 股票: SZ000002, 价格: 6.5100, 成交量: 19900, 时间: 15:00:00, 成交ID: 39589
[逐笔成交] 股票: SZ000002, 价格: 6.5100, 成交量: 40000, 时间: 15:00:00, 成交ID: 39604
[逐笔成交] 股票: SZ000002, 价格: 6.5100, 成交量: 11700, 时间: 15:00:00, 成交ID: 39620
2025/06/12 20:35:20 [数据流转] 收到数据: 股票=SZ002094, 类型=8, 数据结构=[]interface {}
2025/06/12 20:35:20 [数据流转] 逐笔明细数据为数组格式，长度: 56
2025/06/12 20:35:20 [数据流转] 成功解析 56 条逐笔明细记录
[逐笔明细] 股票: SZ002094, 包ID: 87840, 买单ID: 0, 卖单ID: 0
          买价: 9.2700, 买量: 2200, 卖价: 9.2700, 卖量: 4500
[逐笔明细] 股票: SZ002094, 包ID: 87841, 买单ID: 0, 卖单ID: 0
          买价: 9.2700, 买量: 3300, 卖价: 9.2700, 卖量: 4500
[逐笔明细] 股票: SZ002094, 包ID: 87842, 买单ID: 0, 卖单ID: 0
          买价: 9.2700, 买量: 3300, 卖价: 9.2700, 卖量: 1000
2025/06/12 20:35:41 [数据流转] 收到数据: 股票=SZ000001, 类型=4, 数据结构=[]interface {}
2025/06/12 20:35:41 [数据流转] 逐笔成交数据为数组格式，长度: 49
2025/06/12 20:35:41 [数据流转] 成功解析 49 条逐笔成交记录
[逐笔成交] 股票: SZ000001, 价格: 11.6800, 成交量: 200, 时间: 15:00:00, 成交ID: 77120
[逐笔成交] 股票: SZ000001, 价格: 11.6800, 成交量: 500, 时间: 15:00:00, 成交ID: 77121
[逐笔成交] 股票: SZ000001, 价格: 11.6800, 成交量: 400, 时间: 15:00:00, 成交ID: 77122
[逐笔成交] 股票: SZ000001, 价格: 11.6800, 成交量: 16700, 时间: 15:00:00, 成交ID: 77141
2025/06/12 20:36:10 [数据流转] 收到数据: 股票=SZ002094, 类型=8, 数据结构=[]interface {}
2025/06/12 20:36:10 [数据流转] 逐笔明细数据为数组格式，长度: 56
2025/06/12 20:36:10 [数据流转] 成功解析 56 条逐笔明细记录
[逐笔明细] 股票: SZ002094, 包ID: 87840, 买单ID: 0, 卖单ID: 0
          买价: 9.2700, 买量: 2200, 卖价: 9.2700, 卖量: 4500
[逐笔明细] 股票: SZ002094, 包ID: 87841, 买单ID: 0, 卖单ID: 0
          买价: 9.2700, 买量: 3300, 卖价: 9.2700, 卖量: 4500
[逐笔明细] 股票: SZ002094, 包ID: 87842, 买单ID: 0, 卖单ID: 0
          买价: 9.2700, 买量: 3300, 卖价: 9.2700, 卖量: 1000
2025/06/12 20:36:10 [数据流转] 收到数据: 股票=SZ000002, 类型=14, 数据结构=[]interface {}
2025/06/12 20:36:10 [数据流转] 逐笔委托数据为数组格式，长度: 33
2025/06/12 20:36:10 [数据流转] 成功解析 33 条逐笔委托记录
[逐笔委托] 股票: SZ000002, 价格: 6.5600, 数量: 75800, 类型: 买入报单, 时间: 14:59:50.000, 索引: 80033
[逐笔委托] 股票: SZ000002, 价格: 6.5500, 数量: 800, 类型: 卖出报单, 时间: 14:59:50.390, 索引: 80034
[逐笔委托] 股票: SZ000002, 价格: 6.5300, 数量: 15300, 类型: 买入报单, 时间: 14:59:51.050, 索引: 80035
[逐笔委托] 股票: SZ000002, 价格: 6.4400, 数量: 20000, 类型: 卖出报单, 时间: 14:59:51.150, 索引: 80036
[逐笔委托] 股票: SZ000002, 价格: 6.4600, 数量: 40800, 类型: 卖出报单, 时间: 14:59:56.490, 索引: 80053
[逐笔委托] 股票: SZ000002, 价格: 6.5000, 数量: 17000, 类型: 卖出报单, 时间: 14:59:59.140, 索引: 80063
2025/06/12 20:36:10 [数据流转] 收到数据: 股票=SZ000002, 类型=4, 数据结构=[]interface {}
2025/06/12 20:36:10 [数据流转] 逐笔成交数据为数组格式，长度: 56
2025/06/12 20:36:10 [数据流转] 成功解析 56 条逐笔成交记录
[逐笔成交] 股票: SZ000002, 价格: 6.5100, 成交量: 1000, 时间: 15:00:00, 成交ID: 39584
[逐笔成交] 股票: SZ000002, 价格: 6.5100, 成交量: 1400, 时间: 15:00:00, 成交ID: 39585
[逐笔成交] 股票: SZ000002, 价格: 6.5100, 成交量: 700, 时间: 15:00:00, 成交ID: 39586
[逐笔成交] 股票: SZ000002, 价格: 6.5100, 成交量: 19900, 时间: 15:00:00, 成交ID: 39589
[逐笔成交] 股票: SZ000002, 价格: 6.5100, 成交量: 40000, 时间: 15:00:00, 成交ID: 39604
[逐笔成交] 股票: SZ000002, 价格: 6.5100, 成交量: 11700, 时间: 15:00:00, 成交ID: 39620
2025/06/12 20:36:10 [数据流转] 收到数据: 股票=SH600519, 类型=4, 数据结构=[]interface {}
2025/06/12 20:36:10 [数据流转] 逐笔成交数据为数组格式，长度: 39
2025/06/12 20:36:10 [数据流转] 成功解析 39 条逐笔成交记录
[逐笔成交] 股票: SH600519, 价格: 1459.0000, 成交量: -87, 时间: 15:00:01, 成交ID: 39744
[逐笔成交] 股票: SH600519, 价格: 1459.0000, 成交量: 13, 时间: 15:00:01, 成交ID: 39745
[逐笔成交] 股票: SH600519, 价格: 1459.0000, 成交量: -87, 时间: 15:00:01, 成交ID: 39746
2025/06/12 20:36:10 [数据流转] 收到数据: 股票=SH600036, 类型=4, 数据结构=[]interface {}
2025/06/12 20:36:10 [数据流转] 逐笔成交数据为数组格式，长度: 49
2025/06/12 20:36:10 [数据流转] 成功解析 49 条逐笔成交记录
[逐笔成交] 股票: SH600036, 价格: 45.2300, 成交量: -100, 时间: 15:00:00, 成交ID: 66272
[逐笔成交] 股票: SH600036, 价格: 45.2300, 成交量: -400, 时间: 15:00:00, 成交ID: 66273
[逐笔成交] 股票: SH600036, 价格: 45.2300, 成交量: -4370, 时间: 15:00:00, 成交ID: 66274
2025/06/12 20:36:10 [数据流转] 收到数据: 股票=SH600000, 类型=8, 数据结构=[]interface {}
2025/06/12 20:36:10 [数据流转] 逐笔明细数据为数组格式，长度: 37
2025/06/12 20:36:10 [数据流转] 成功解析 37 条逐笔明细记录
[逐笔明细] 股票: SH600000, 包ID: 43232, 买单ID: 0, 卖单ID: 0
          买价: 12.4800, 买量: 38700, 卖价: 12.4100, 卖量: 200
[逐笔明细] 股票: SH600000, 包ID: 43233, 买单ID: 0, 卖单ID: 0
          买价: 12.4800, 买量: 38700, 卖价: 12.4200, 卖量: 3000
[逐笔明细] 股票: SH600000, 包ID: 43234, 买单ID: 0, 卖单ID: 0
          买价: 12.4800, 买量: 38700, 卖价: 12.4200, 卖量: 1300
2025/06/12 20:37:00 [数据流转] 收到数据: 股票=SZ000002, 类型=14, 数据结构=[]interface {}
2025/06/12 20:37:00 [数据流转] 逐笔委托数据为数组格式，长度: 33
2025/06/12 20:37:00 [数据流转] 成功解析 33 条逐笔委托记录
[逐笔委托] 股票: SZ000002, 价格: 6.5600, 数量: 75800, 类型: 买入报单, 时间: 14:59:50.000, 索引: 80033
[逐笔委托] 股票: SZ000002, 价格: 6.5500, 数量: 800, 类型: 卖出报单, 时间: 14:59:50.390, 索引: 80034
[逐笔委托] 股票: SZ000002, 价格: 6.5300, 数量: 15300, 类型: 买入报单, 时间: 14:59:51.050, 索引: 80035
[逐笔委托] 股票: SZ000002, 价格: 6.4400, 数量: 20000, 类型: 卖出报单, 时间: 14:59:51.150, 索引: 80036
[逐笔委托] 股票: SZ000002, 价格: 6.4600, 数量: 40800, 类型: 卖出报单, 时间: 14:59:56.490, 索引: 80053
[逐笔委托] 股票: SZ000002, 价格: 6.5000, 数量: 17000, 类型: 卖出报单, 时间: 14:59:59.140, 索引: 80063
2025/06/12 20:37:00 [数据流转] 收到数据: 股票=SZ000002, 类型=4, 数据结构=[]interface {}
2025/06/12 20:37:00 [数据流转] 逐笔成交数据为数组格式，长度: 56
2025/06/12 20:37:00 [数据流转] 成功解析 56 条逐笔成交记录
[逐笔成交] 股票: SZ000002, 价格: 6.5100, 成交量: 1000, 时间: 15:00:00, 成交ID: 39584
[逐笔成交] 股票: SZ000002, 价格: 6.5100, 成交量: 1400, 时间: 15:00:00, 成交ID: 39585
[逐笔成交] 股票: SZ000002, 价格: 6.5100, 成交量: 700, 时间: 15:00:00, 成交ID: 39586
[逐笔成交] 股票: SZ000002, 价格: 6.5100, 成交量: 19900, 时间: 15:00:00, 成交ID: 39589
[逐笔成交] 股票: SZ000002, 价格: 6.5100, 成交量: 40000, 时间: 15:00:00, 成交ID: 39604
[逐笔成交] 股票: SZ000002, 价格: 6.5100, 成交量: 11700, 时间: 15:00:00, 成交ID: 39620
2025/06/12 20:37:00 [数据流转] 收到数据: 股票=SZ002094, 类型=8, 数据结构=[]interface {}
2025/06/12 20:37:00 [数据流转] 逐笔明细数据为数组格式，长度: 56
2025/06/12 20:37:00 [数据流转] 成功解析 56 条逐笔明细记录
[逐笔明细] 股票: SZ002094, 包ID: 87840, 买单ID: 0, 卖单ID: 0
          买价: 9.2700, 买量: 2200, 卖价: 9.2700, 卖量: 4500
[逐笔明细] 股票: SZ002094, 包ID: 87841, 买单ID: 0, 卖单ID: 0
          买价: 9.2700, 买量: 3300, 卖价: 9.2700, 卖量: 4500
[逐笔明细] 股票: SZ002094, 包ID: 87842, 买单ID: 0, 卖单ID: 0
          买价: 9.2700, 买量: 3300, 卖价: 9.2700, 卖量: 1000
2025/06/12 20:37:50 [数据流转] 收到数据: 股票=SZ000002, 类型=4, 数据结构=[]interface {}
2025/06/12 20:37:50 [数据流转] 逐笔成交数据为数组格式，长度: 56
2025/06/12 20:37:50 [数据流转] 成功解析 56 条逐笔成交记录
[逐笔成交] 股票: SZ000002, 价格: 6.5100, 成交量: 1000, 时间: 15:00:00, 成交ID: 39584
[逐笔成交] 股票: SZ000002, 价格: 6.5100, 成交量: 1400, 时间: 15:00:00, 成交ID: 39585
[逐笔成交] 股票: SZ000002, 价格: 6.5100, 成交量: 700, 时间: 15:00:00, 成交ID: 39586
[逐笔成交] 股票: SZ000002, 价格: 6.5100, 成交量: 19900, 时间: 15:00:00, 成交ID: 39589
[逐笔成交] 股票: SZ000002, 价格: 6.5100, 成交量: 40000, 时间: 15:00:00, 成交ID: 39604
[逐笔成交] 股票: SZ000002, 价格: 6.5100, 成交量: 11700, 时间: 15:00:00, 成交ID: 39620
2025/06/12 20:37:50 [数据流转] 收到数据: 股票=SZ000002, 类型=14, 数据结构=[]interface {}
2025/06/12 20:37:50 [数据流转] 逐笔委托数据为数组格式，长度: 33
2025/06/12 20:37:50 [数据流转] 成功解析 33 条逐笔委托记录
[逐笔委托] 股票: SZ000002, 价格: 6.5600, 数量: 75800, 类型: 买入报单, 时间: 14:59:50.000, 索引: 80033
[逐笔委托] 股票: SZ000002, 价格: 6.5500, 数量: 800, 类型: 卖出报单, 时间: 14:59:50.390, 索引: 80034
[逐笔委托] 股票: SZ000002, 价格: 6.5300, 数量: 15300, 类型: 买入报单, 时间: 14:59:51.050, 索引: 80035
[逐笔委托] 股票: SZ000002, 价格: 6.4400, 数量: 20000, 类型: 卖出报单, 时间: 14:59:51.150, 索引: 80036
[逐笔委托] 股票: SZ000002, 价格: 6.4600, 数量: 40800, 类型: 卖出报单, 时间: 14:59:56.490, 索引: 80053
[逐笔委托] 股票: SZ000002, 价格: 6.5000, 数量: 17000, 类型: 卖出报单, 时间: 14:59:59.140, 索引: 80063
2025/06/12 20:37:50 [数据流转] 收到数据: 股票=SZ002094, 类型=8, 数据结构=[]interface {}
2025/06/12 20:37:50 [数据流转] 逐笔明细数据为数组格式，长度: 56
2025/06/12 20:37:50 [数据流转] 成功解析 56 条逐笔明细记录
[逐笔明细] 股票: SZ002094, 包ID: 87840, 买单ID: 0, 卖单ID: 0
          买价: 9.2700, 买量: 2200, 卖价: 9.2700, 卖量: 4500
[逐笔明细] 股票: SZ002094, 包ID: 87841, 买单ID: 0, 卖单ID: 0
          买价: 9.2700, 买量: 3300, 卖价: 9.2700, 卖量: 4500
[逐笔明细] 股票: SZ002094, 包ID: 87842, 买单ID: 0, 卖单ID: 0
          买价: 9.2700, 买量: 3300, 卖价: 9.2700, 卖量: 1000
2025/06/12 20:38:40 [数据流转] 收到数据: 股票=SZ002094, 类型=8, 数据结构=[]interface {}
2025/06/12 20:38:40 [数据流转] 逐笔明细数据为数组格式，长度: 56
2025/06/12 20:38:40 [数据流转] 成功解析 56 条逐笔明细记录
[逐笔明细] 股票: SZ002094, 包ID: 87840, 买单ID: 0, 卖单ID: 0
          买价: 9.2700, 买量: 2200, 卖价: 9.2700, 卖量: 4500
[逐笔明细] 股票: SZ002094, 包ID: 87841, 买单ID: 0, 卖单ID: 0
          买价: 9.2700, 买量: 3300, 卖价: 9.2700, 卖量: 4500
[逐笔明细] 股票: SZ002094, 包ID: 87842, 买单ID: 0, 卖单ID: 0
          买价: 9.2700, 买量: 3300, 卖价: 9.2700, 卖量: 1000
2025/06/12 20:38:40 [数据流转] 收到数据: 股票=SZ000002, 类型=4, 数据结构=[]interface {}
2025/06/12 20:38:40 [数据流转] 逐笔成交数据为数组格式，长度: 56
2025/06/12 20:38:40 [数据流转] 成功解析 56 条逐笔成交记录
[逐笔成交] 股票: SZ000002, 价格: 6.5100, 成交量: 1000, 时间: 15:00:00, 成交ID: 39584
[逐笔成交] 股票: SZ000002, 价格: 6.5100, 成交量: 1400, 时间: 15:00:00, 成交ID: 39585
[逐笔成交] 股票: SZ000002, 价格: 6.5100, 成交量: 700, 时间: 15:00:00, 成交ID: 39586
[逐笔成交] 股票: SZ000002, 价格: 6.5100, 成交量: 19900, 时间: 15:00:00, 成交ID: 39589
[逐笔成交] 股票: SZ000002, 价格: 6.5100, 成交量: 40000, 时间: 15:00:00, 成交ID: 39604
[逐笔成交] 股票: SZ000002, 价格: 6.5100, 成交量: 11700, 时间: 15:00:00, 成交ID: 39620
2025/06/12 20:38:40 [数据流转] 收到数据: 股票=SZ000002, 类型=14, 数据结构=[]interface {}
2025/06/12 20:38:40 [数据流转] 逐笔委托数据为数组格式，长度: 33
2025/06/12 20:38:40 [数据流转] 成功解析 33 条逐笔委托记录
[逐笔委托] 股票: SZ000002, 价格: 6.5600, 数量: 75800, 类型: 买入报单, 时间: 14:59:50.000, 索引: 80033
[逐笔委托] 股票: SZ000002, 价格: 6.5500, 数量: 800, 类型: 卖出报单, 时间: 14:59:50.390, 索引: 80034
[逐笔委托] 股票: SZ000002, 价格: 6.5300, 数量: 15300, 类型: 买入报单, 时间: 14:59:51.050, 索引: 80035
[逐笔委托] 股票: SZ000002, 价格: 6.4400, 数量: 20000, 类型: 卖出报单, 时间: 14:59:51.150, 索引: 80036
[逐笔委托] 股票: SZ000002, 价格: 6.4600, 数量: 40800, 类型: 卖出报单, 时间: 14:59:56.490, 索引: 80053
[逐笔委托] 股票: SZ000002, 价格: 6.5000, 数量: 17000, 类型: 卖出报单, 时间: 14:59:59.140, 索引: 80063
2025/06/12 20:39:01 [数据流转] 收到数据: 股票=SZ000001, 类型=4, 数据结构=[]interface {}
2025/06/12 20:39:01 [数据流转] 逐笔成交数据为数组格式，长度: 49
2025/06/12 20:39:01 [数据流转] 成功解析 49 条逐笔成交记录
[逐笔成交] 股票: SZ000001, 价格: 11.6800, 成交量: 200, 时间: 15:00:00, 成交ID: 77120
[逐笔成交] 股票: SZ000001, 价格: 11.6800, 成交量: 500, 时间: 15:00:00, 成交ID: 77121
[逐笔成交] 股票: SZ000001, 价格: 11.6800, 成交量: 400, 时间: 15:00:00, 成交ID: 77122
[逐笔成交] 股票: SZ000001, 价格: 11.6800, 成交量: 16700, 时间: 15:00:00, 成交ID: 77141
2025/06/12 20:39:30 [数据流转] 收到数据: 股票=SZ002094, 类型=8, 数据结构=[]interface {}
2025/06/12 20:39:30 [数据流转] 逐笔明细数据为数组格式，长度: 56
2025/06/12 20:39:30 [数据流转] 成功解析 56 条逐笔明细记录
[逐笔明细] 股票: SZ002094, 包ID: 87840, 买单ID: 0, 卖单ID: 0
          买价: 9.2700, 买量: 2200, 卖价: 9.2700, 卖量: 4500
[逐笔明细] 股票: SZ002094, 包ID: 87841, 买单ID: 0, 卖单ID: 0
          买价: 9.2700, 买量: 3300, 卖价: 9.2700, 卖量: 4500
[逐笔明细] 股票: SZ002094, 包ID: 87842, 买单ID: 0, 卖单ID: 0
          买价: 9.2700, 买量: 3300, 卖价: 9.2700, 卖量: 1000
2025/06/12 20:39:30 [数据流转] 收到数据: 股票=SZ000002, 类型=4, 数据结构=[]interface {}
2025/06/12 20:39:30 [数据流转] 逐笔成交数据为数组格式，长度: 56
2025/06/12 20:39:30 [数据流转] 成功解析 56 条逐笔成交记录
[逐笔成交] 股票: SZ000002, 价格: 6.5100, 成交量: 1000, 时间: 15:00:00, 成交ID: 39584
[逐笔成交] 股票: SZ000002, 价格: 6.5100, 成交量: 1400, 时间: 15:00:00, 成交ID: 39585
[逐笔成交] 股票: SZ000002, 价格: 6.5100, 成交量: 700, 时间: 15:00:00, 成交ID: 39586
[逐笔成交] 股票: SZ000002, 价格: 6.5100, 成交量: 19900, 时间: 15:00:00, 成交ID: 39589
[逐笔成交] 股票: SZ000002, 价格: 6.5100, 成交量: 40000, 时间: 15:00:00, 成交ID: 39604
[逐笔成交] 股票: SZ000002, 价格: 6.5100, 成交量: 11700, 时间: 15:00:00, 成交ID: 39620
2025/06/12 20:39:30 [数据流转] 收到数据: 股票=SZ000002, 类型=14, 数据结构=[]interface {}
2025/06/12 20:39:30 [数据流转] 逐笔委托数据为数组格式，长度: 33
2025/06/12 20:39:30 [数据流转] 成功解析 33 条逐笔委托记录
[逐笔委托] 股票: SZ000002, 价格: 6.5600, 数量: 75800, 类型: 买入报单, 时间: 14:59:50.000, 索引: 80033
[逐笔委托] 股票: SZ000002, 价格: 6.5500, 数量: 800, 类型: 卖出报单, 时间: 14:59:50.390, 索引: 80034
[逐笔委托] 股票: SZ000002, 价格: 6.5300, 数量: 15300, 类型: 买入报单, 时间: 14:59:51.050, 索引: 80035
[逐笔委托] 股票: SZ000002, 价格: 6.4400, 数量: 20000, 类型: 卖出报单, 时间: 14:59:51.150, 索引: 80036
[逐笔委托] 股票: SZ000002, 价格: 6.4600, 数量: 40800, 类型: 卖出报单, 时间: 14:59:56.490, 索引: 80053
[逐笔委托] 股票: SZ000002, 价格: 6.5000, 数量: 17000, 类型: 卖出报单, 时间: 14:59:59.140, 索引: 80063
2025/06/12 20:39:30 [数据流转] 收到数据: 股票=SH600519, 类型=4, 数据结构=[]interface {}
2025/06/12 20:39:30 [数据流转] 逐笔成交数据为数组格式，长度: 39
2025/06/12 20:39:30 [数据流转] 成功解析 39 条逐笔成交记录
[逐笔成交] 股票: SH600519, 价格: 1459.0000, 成交量: -87, 时间: 15:00:01, 成交ID: 39744
[逐笔成交] 股票: SH600519, 价格: 1459.0000, 成交量: 13, 时间: 15:00:01, 成交ID: 39745
[逐笔成交] 股票: SH600519, 价格: 1459.0000, 成交量: -87, 时间: 15:00:01, 成交ID: 39746
2025/06/12 20:39:30 [数据流转] 收到数据: 股票=SH600000, 类型=8, 数据结构=[]interface {}
2025/06/12 20:39:30 [数据流转] 逐笔明细数据为数组格式，长度: 37
2025/06/12 20:39:30 [数据流转] 成功解析 37 条逐笔明细记录
[逐笔明细] 股票: SH600000, 包ID: 43232, 买单ID: 0, 卖单ID: 0
          买价: 12.4800, 买量: 38700, 卖价: 12.4100, 卖量: 200
[逐笔明细] 股票: SH600000, 包ID: 43233, 买单ID: 0, 卖单ID: 0
          买价: 12.4800, 买量: 38700, 卖价: 12.4200, 卖量: 3000
[逐笔明细] 股票: SH600000, 包ID: 43234, 买单ID: 0, 卖单ID: 0
          买价: 12.4800, 买量: 38700, 卖价: 12.4200, 卖量: 1300
2025/06/12 20:39:30 [数据流转] 收到数据: 股票=SH600036, 类型=4, 数据结构=[]interface {}
2025/06/12 20:39:30 [数据流转] 逐笔成交数据为数组格式，长度: 49
2025/06/12 20:39:30 [数据流转] 成功解析 49 条逐笔成交记录
[逐笔成交] 股票: SH600036, 价格: 45.2300, 成交量: -100, 时间: 15:00:00, 成交ID: 66272
[逐笔成交] 股票: SH600036, 价格: 45.2300, 成交量: -400, 时间: 15:00:00, 成交ID: 66273
[逐笔成交] 股票: SH600036, 价格: 45.2300, 成交量: -4370, 时间: 15:00:00, 成交ID: 66274
2025/06/12 20:40:20 [数据流转] 收到数据: 股票=SZ000002, 类型=4, 数据结构=[]interface {}
2025/06/12 20:40:20 [数据流转] 逐笔成交数据为数组格式，长度: 56
2025/06/12 20:40:20 [数据流转] 成功解析 56 条逐笔成交记录
[逐笔成交] 股票: SZ000002, 价格: 6.5100, 成交量: 1000, 时间: 15:00:00, 成交ID: 39584
[逐笔成交] 股票: SZ000002, 价格: 6.5100, 成交量: 1400, 时间: 15:00:00, 成交ID: 39585
[逐笔成交] 股票: SZ000002, 价格: 6.5100, 成交量: 700, 时间: 15:00:00, 成交ID: 39586
[逐笔成交] 股票: SZ000002, 价格: 6.5100, 成交量: 19900, 时间: 15:00:00, 成交ID: 39589
[逐笔成交] 股票: SZ000002, 价格: 6.5100, 成交量: 40000, 时间: 15:00:00, 成交ID: 39604
[逐笔成交] 股票: SZ000002, 价格: 6.5100, 成交量: 11700, 时间: 15:00:00, 成交ID: 39620
2025/06/12 20:40:20 [数据流转] 收到数据: 股票=SZ000002, 类型=14, 数据结构=[]interface {}
2025/06/12 20:40:20 [数据流转] 逐笔委托数据为数组格式，长度: 33
2025/06/12 20:40:20 [数据流转] 成功解析 33 条逐笔委托记录
[逐笔委托] 股票: SZ000002, 价格: 6.5600, 数量: 75800, 类型: 买入报单, 时间: 14:59:50.000, 索引: 80033
[逐笔委托] 股票: SZ000002, 价格: 6.5500, 数量: 800, 类型: 卖出报单, 时间: 14:59:50.390, 索引: 80034
[逐笔委托] 股票: SZ000002, 价格: 6.5300, 数量: 15300, 类型: 买入报单, 时间: 14:59:51.050, 索引: 80035
[逐笔委托] 股票: SZ000002, 价格: 6.4400, 数量: 20000, 类型: 卖出报单, 时间: 14:59:51.150, 索引: 80036
[逐笔委托] 股票: SZ000002, 价格: 6.4600, 数量: 40800, 类型: 卖出报单, 时间: 14:59:56.490, 索引: 80053
[逐笔委托] 股票: SZ000002, 价格: 6.5000, 数量: 17000, 类型: 卖出报单, 时间: 14:59:59.140, 索引: 80063
2025/06/12 20:40:20 [数据流转] 收到数据: 股票=SZ002094, 类型=8, 数据结构=[]interface {}
2025/06/12 20:40:20 [数据流转] 逐笔明细数据为数组格式，长度: 56
2025/06/12 20:40:20 [数据流转] 成功解析 56 条逐笔明细记录
[逐笔明细] 股票: SZ002094, 包ID: 87840, 买单ID: 0, 卖单ID: 0
          买价: 9.2700, 买量: 2200, 卖价: 9.2700, 卖量: 4500
[逐笔明细] 股票: SZ002094, 包ID: 87841, 买单ID: 0, 卖单ID: 0
          买价: 9.2700, 买量: 3300, 卖价: 9.2700, 卖量: 4500
[逐笔明细] 股票: SZ002094, 包ID: 87842, 买单ID: 0, 卖单ID: 0
          买价: 9.2700, 买量: 3300, 卖价: 9.2700, 卖量: 1000
2025/06/12 20:41:10 [数据流转] 收到数据: 股票=SZ000002, 类型=4, 数据结构=[]interface {}
2025/06/12 20:41:10 [数据流转] 逐笔成交数据为数组格式，长度: 56
2025/06/12 20:41:10 [数据流转] 成功解析 56 条逐笔成交记录
[逐笔成交] 股票: SZ000002, 价格: 6.5100, 成交量: 1000, 时间: 15:00:00, 成交ID: 39584
[逐笔成交] 股票: SZ000002, 价格: 6.5100, 成交量: 1400, 时间: 15:00:00, 成交ID: 39585
[逐笔成交] 股票: SZ000002, 价格: 6.5100, 成交量: 700, 时间: 15:00:00, 成交ID: 39586
[逐笔成交] 股票: SZ000002, 价格: 6.5100, 成交量: 19900, 时间: 15:00:00, 成交ID: 39589
[逐笔成交] 股票: SZ000002, 价格: 6.5100, 成交量: 40000, 时间: 15:00:00, 成交ID: 39604
[逐笔成交] 股票: SZ000002, 价格: 6.5100, 成交量: 11700, 时间: 15:00:00, 成交ID: 39620
2025/06/12 20:41:10 [数据流转] 收到数据: 股票=SZ000002, 类型=14, 数据结构=[]interface {}
2025/06/12 20:41:10 [数据流转] 逐笔委托数据为数组格式，长度: 33
2025/06/12 20:41:10 [数据流转] 成功解析 33 条逐笔委托记录
[逐笔委托] 股票: SZ000002, 价格: 6.5600, 数量: 75800, 类型: 买入报单, 时间: 14:59:50.000, 索引: 80033
[逐笔委托] 股票: SZ000002, 价格: 6.5500, 数量: 800, 类型: 卖出报单, 时间: 14:59:50.390, 索引: 80034
[逐笔委托] 股票: SZ000002, 价格: 6.5300, 数量: 15300, 类型: 买入报单, 时间: 14:59:51.050, 索引: 80035
[逐笔委托] 股票: SZ000002, 价格: 6.4400, 数量: 20000, 类型: 卖出报单, 时间: 14:59:51.150, 索引: 80036
[逐笔委托] 股票: SZ000002, 价格: 6.4600, 数量: 40800, 类型: 卖出报单, 时间: 14:59:56.490, 索引: 80053
[逐笔委托] 股票: SZ000002, 价格: 6.5000, 数量: 17000, 类型: 卖出报单, 时间: 14:59:59.140, 索引: 80063
2025/06/12 20:41:10 [数据流转] 收到数据: 股票=SZ002094, 类型=8, 数据结构=[]interface {}
2025/06/12 20:41:10 [数据流转] 逐笔明细数据为数组格式，长度: 56
2025/06/12 20:41:10 [数据流转] 成功解析 56 条逐笔明细记录
[逐笔明细] 股票: SZ002094, 包ID: 87840, 买单ID: 0, 卖单ID: 0
          买价: 9.2700, 买量: 2200, 卖价: 9.2700, 卖量: 4500
[逐笔明细] 股票: SZ002094, 包ID: 87841, 买单ID: 0, 卖单ID: 0
          买价: 9.2700, 买量: 3300, 卖价: 9.2700, 卖量: 4500
[逐笔明细] 股票: SZ002094, 包ID: 87842, 买单ID: 0, 卖单ID: 0
          买价: 9.2700, 买量: 3300, 卖价: 9.2700, 卖量: 1000
2025/06/12 20:42:00 [数据流转] 收到数据: 股票=SZ000002, 类型=14, 数据结构=[]interface {}
2025/06/12 20:42:00 [数据流转] 逐笔委托数据为数组格式，长度: 33
2025/06/12 20:42:00 [数据流转] 成功解析 33 条逐笔委托记录
[逐笔委托] 股票: SZ000002, 价格: 6.5600, 数量: 75800, 类型: 买入报单, 时间: 14:59:50.000, 索引: 80033
[逐笔委托] 股票: SZ000002, 价格: 6.5500, 数量: 800, 类型: 卖出报单, 时间: 14:59:50.390, 索引: 80034
[逐笔委托] 股票: SZ000002, 价格: 6.5300, 数量: 15300, 类型: 买入报单, 时间: 14:59:51.050, 索引: 80035
[逐笔委托] 股票: SZ000002, 价格: 6.4400, 数量: 20000, 类型: 卖出报单, 时间: 14:59:51.150, 索引: 80036
[逐笔委托] 股票: SZ000002, 价格: 6.4600, 数量: 40800, 类型: 卖出报单, 时间: 14:59:56.490, 索引: 80053
[逐笔委托] 股票: SZ000002, 价格: 6.5000, 数量: 17000, 类型: 卖出报单, 时间: 14:59:59.140, 索引: 80063
2025/06/12 20:42:00 [数据流转] 收到数据: 股票=SZ000002, 类型=4, 数据结构=[]interface {}
2025/06/12 20:42:00 [数据流转] 逐笔成交数据为数组格式，长度: 56
2025/06/12 20:42:00 [数据流转] 成功解析 56 条逐笔成交记录
[逐笔成交] 股票: SZ000002, 价格: 6.5100, 成交量: 1000, 时间: 15:00:00, 成交ID: 39584
[逐笔成交] 股票: SZ000002, 价格: 6.5100, 成交量: 1400, 时间: 15:00:00, 成交ID: 39585
[逐笔成交] 股票: SZ000002, 价格: 6.5100, 成交量: 700, 时间: 15:00:00, 成交ID: 39586
[逐笔成交] 股票: SZ000002, 价格: 6.5100, 成交量: 19900, 时间: 15:00:00, 成交ID: 39589
[逐笔成交] 股票: SZ000002, 价格: 6.5100, 成交量: 40000, 时间: 15:00:00, 成交ID: 39604
[逐笔成交] 股票: SZ000002, 价格: 6.5100, 成交量: 11700, 时间: 15:00:00, 成交ID: 39620
2025/06/12 20:42:00 [数据流转] 收到数据: 股票=SZ002094, 类型=8, 数据结构=[]interface {}
2025/06/12 20:42:00 [数据流转] 逐笔明细数据为数组格式，长度: 56
2025/06/12 20:42:00 [数据流转] 成功解析 56 条逐笔明细记录
[逐笔明细] 股票: SZ002094, 包ID: 87840, 买单ID: 0, 卖单ID: 0
          买价: 9.2700, 买量: 2200, 卖价: 9.2700, 卖量: 4500
[逐笔明细] 股票: SZ002094, 包ID: 87841, 买单ID: 0, 卖单ID: 0
          买价: 9.2700, 买量: 3300, 卖价: 9.2700, 卖量: 4500
[逐笔明细] 股票: SZ002094, 包ID: 87842, 买单ID: 0, 卖单ID: 0
          买价: 9.2700, 买量: 3300, 卖价: 9.2700, 卖量: 1000
2025/06/12 20:42:50 [数据流转] 收到数据: 股票=SZ000002, 类型=14, 数据结构=[]interface {}
2025/06/12 20:42:50 [数据流转] 逐笔委托数据为数组格式，长度: 33
2025/06/12 20:42:50 [数据流转] 成功解析 33 条逐笔委托记录
[逐笔委托] 股票: SZ000002, 价格: 6.5600, 数量: 75800, 类型: 买入报单, 时间: 14:59:50.000, 索引: 80033
[逐笔委托] 股票: SZ000002, 价格: 6.5500, 数量: 800, 类型: 卖出报单, 时间: 14:59:50.390, 索引: 80034
[逐笔委托] 股票: SZ000002, 价格: 6.5300, 数量: 15300, 类型: 买入报单, 时间: 14:59:51.050, 索引: 80035
[逐笔委托] 股票: SZ000002, 价格: 6.4400, 数量: 20000, 类型: 卖出报单, 时间: 14:59:51.150, 索引: 80036
[逐笔委托] 股票: SZ000002, 价格: 6.4600, 数量: 40800, 类型: 卖出报单, 时间: 14:59:56.490, 索引: 80053
[逐笔委托] 股票: SZ000002, 价格: 6.5000, 数量: 17000, 类型: 卖出报单, 时间: 14:59:59.140, 索引: 80063
2025/06/12 20:42:50 [数据流转] 收到数据: 股票=SZ000002, 类型=4, 数据结构=[]interface {}
2025/06/12 20:42:50 [数据流转] 逐笔成交数据为数组格式，长度: 56
2025/06/12 20:42:50 [数据流转] 成功解析 56 条逐笔成交记录
[逐笔成交] 股票: SZ000002, 价格: 6.5100, 成交量: 1000, 时间: 15:00:00, 成交ID: 39584
[逐笔成交] 股票: SZ000002, 价格: 6.5100, 成交量: 1400, 时间: 15:00:00, 成交ID: 39585
[逐笔成交] 股票: SZ000002, 价格: 6.5100, 成交量: 700, 时间: 15:00:00, 成交ID: 39586
[逐笔成交] 股票: SZ000002, 价格: 6.5100, 成交量: 19900, 时间: 15:00:00, 成交ID: 39589
[逐笔成交] 股票: SZ000002, 价格: 6.5100, 成交量: 40000, 时间: 15:00:00, 成交ID: 39604
[逐笔成交] 股票: SZ000002, 价格: 6.5100, 成交量: 11700, 时间: 15:00:00, 成交ID: 39620
2025/06/12 20:42:50 [数据流转] 收到数据: 股票=SZ002094, 类型=8, 数据结构=[]interface {}
2025/06/12 20:42:50 [数据流转] 逐笔明细数据为数组格式，长度: 56
2025/06/12 20:42:50 [数据流转] 成功解析 56 条逐笔明细记录
[逐笔明细] 股票: SZ002094, 包ID: 87840, 买单ID: 0, 卖单ID: 0
          买价: 9.2700, 买量: 2200, 卖价: 9.2700, 卖量: 4500
[逐笔明细] 股票: SZ002094, 包ID: 87841, 买单ID: 0, 卖单ID: 0
          买价: 9.2700, 买量: 3300, 卖价: 9.2700, 卖量: 4500
[逐笔明细] 股票: SZ002094, 包ID: 87842, 买单ID: 0, 卖单ID: 0
          买价: 9.2700, 买量: 3300, 卖价: 9.2700, 卖量: 1000
2025/06/12 20:43:40 [数据流转] 收到数据: 股票=SZ002094, 类型=8, 数据结构=[]interface {}
2025/06/12 20:43:40 [数据流转] 逐笔明细数据为数组格式，长度: 56
2025/06/12 20:43:40 [数据流转] 成功解析 56 条逐笔明细记录
[逐笔明细] 股票: SZ002094, 包ID: 87840, 买单ID: 0, 卖单ID: 0
          买价: 9.2700, 买量: 2200, 卖价: 9.2700, 卖量: 4500
[逐笔明细] 股票: SZ002094, 包ID: 87841, 买单ID: 0, 卖单ID: 0
          买价: 9.2700, 买量: 3300, 卖价: 9.2700, 卖量: 4500
[逐笔明细] 股票: SZ002094, 包ID: 87842, 买单ID: 0, 卖单ID: 0
          买价: 9.2700, 买量: 3300, 卖价: 9.2700, 卖量: 1000
2025/06/12 20:43:40 [数据流转] 收到数据: 股票=SZ000002, 类型=4, 数据结构=[]interface {}
2025/06/12 20:43:40 [数据流转] 逐笔成交数据为数组格式，长度: 56
2025/06/12 20:43:40 [数据流转] 成功解析 56 条逐笔成交记录
[逐笔成交] 股票: SZ000002, 价格: 6.5100, 成交量: 1000, 时间: 15:00:00, 成交ID: 39584
[逐笔成交] 股票: SZ000002, 价格: 6.5100, 成交量: 1400, 时间: 15:00:00, 成交ID: 39585
[逐笔成交] 股票: SZ000002, 价格: 6.5100, 成交量: 700, 时间: 15:00:00, 成交ID: 39586
[逐笔成交] 股票: SZ000002, 价格: 6.5100, 成交量: 19900, 时间: 15:00:00, 成交ID: 39589
[逐笔成交] 股票: SZ000002, 价格: 6.5100, 成交量: 40000, 时间: 15:00:00, 成交ID: 39604
[逐笔成交] 股票: SZ000002, 价格: 6.5100, 成交量: 11700, 时间: 15:00:00, 成交ID: 39620
2025/06/12 20:43:40 [数据流转] 收到数据: 股票=SZ000002, 类型=14, 数据结构=[]interface {}
2025/06/12 20:43:40 [数据流转] 逐笔委托数据为数组格式，长度: 33
2025/06/12 20:43:40 [数据流转] 成功解析 33 条逐笔委托记录
[逐笔委托] 股票: SZ000002, 价格: 6.5600, 数量: 75800, 类型: 买入报单, 时间: 14:59:50.000, 索引: 80033
[逐笔委托] 股票: SZ000002, 价格: 6.5500, 数量: 800, 类型: 卖出报单, 时间: 14:59:50.390, 索引: 80034
[逐笔委托] 股票: SZ000002, 价格: 6.5300, 数量: 15300, 类型: 买入报单, 时间: 14:59:51.050, 索引: 80035
[逐笔委托] 股票: SZ000002, 价格: 6.4400, 数量: 20000, 类型: 卖出报单, 时间: 14:59:51.150, 索引: 80036
[逐笔委托] 股票: SZ000002, 价格: 6.4600, 数量: 40800, 类型: 卖出报单, 时间: 14:59:56.490, 索引: 80053
[逐笔委托] 股票: SZ000002, 价格: 6.5000, 数量: 17000, 类型: 卖出报单, 时间: 14:59:59.140, 索引: 80063
2025/06/12 20:44:30 [数据流转] 收到数据: 股票=SZ000002, 类型=4, 数据结构=[]interface {}
2025/06/12 20:44:30 [数据流转] 逐笔成交数据为数组格式，长度: 56
2025/06/12 20:44:30 [数据流转] 成功解析 56 条逐笔成交记录
[逐笔成交] 股票: SZ000002, 价格: 6.5100, 成交量: 1000, 时间: 15:00:00, 成交ID: 39584
[逐笔成交] 股票: SZ000002, 价格: 6.5100, 成交量: 1400, 时间: 15:00:00, 成交ID: 39585
[逐笔成交] 股票: SZ000002, 价格: 6.5100, 成交量: 700, 时间: 15:00:00, 成交ID: 39586
[逐笔成交] 股票: SZ000002, 价格: 6.5100, 成交量: 19900, 时间: 15:00:00, 成交ID: 39589
[逐笔成交] 股票: SZ000002, 价格: 6.5100, 成交量: 40000, 时间: 15:00:00, 成交ID: 39604
[逐笔成交] 股票: SZ000002, 价格: 6.5100, 成交量: 11700, 时间: 15:00:00, 成交ID: 39620
2025/06/12 20:44:30 [数据流转] 收到数据: 股票=SZ000002, 类型=14, 数据结构=[]interface {}
2025/06/12 20:44:30 [数据流转] 逐笔委托数据为数组格式，长度: 33
2025/06/12 20:44:30 [数据流转] 成功解析 33 条逐笔委托记录
[逐笔委托] 股票: SZ000002, 价格: 6.5600, 数量: 75800, 类型: 买入报单, 时间: 14:59:50.000, 索引: 80033
[逐笔委托] 股票: SZ000002, 价格: 6.5500, 数量: 800, 类型: 卖出报单, 时间: 14:59:50.390, 索引: 80034
[逐笔委托] 股票: SZ000002, 价格: 6.5300, 数量: 15300, 类型: 买入报单, 时间: 14:59:51.050, 索引: 80035
[逐笔委托] 股票: SZ000002, 价格: 6.4400, 数量: 20000, 类型: 卖出报单, 时间: 14:59:51.150, 索引: 80036
[逐笔委托] 股票: SZ000002, 价格: 6.4600, 数量: 40800, 类型: 卖出报单, 时间: 14:59:56.490, 索引: 80053
[逐笔委托] 股票: SZ000002, 价格: 6.5000, 数量: 17000, 类型: 卖出报单, 时间: 14:59:59.140, 索引: 80063
2025/06/12 20:44:30 [数据流转] 收到数据: 股票=SZ002094, 类型=8, 数据结构=[]interface {}
2025/06/12 20:44:30 [数据流转] 逐笔明细数据为数组格式，长度: 56
2025/06/12 20:44:30 [数据流转] 成功解析 56 条逐笔明细记录
[逐笔明细] 股票: SZ002094, 包ID: 87840, 买单ID: 0, 卖单ID: 0
          买价: 9.2700, 买量: 2200, 卖价: 9.2700, 卖量: 4500
[逐笔明细] 股票: SZ002094, 包ID: 87841, 买单ID: 0, 卖单ID: 0
          买价: 9.2700, 买量: 3300, 卖价: 9.2700, 卖量: 4500
[逐笔明细] 股票: SZ002094, 包ID: 87842, 买单ID: 0, 卖单ID: 0
          买价: 9.2700, 买量: 3300, 卖价: 9.2700, 卖量: 1000
2025/06/12 20:45:20 [数据流转] 收到数据: 股票=SZ000002, 类型=14, 数据结构=[]interface {}
2025/06/12 20:45:20 [数据流转] 逐笔委托数据为数组格式，长度: 33
2025/06/12 20:45:20 [数据流转] 成功解析 33 条逐笔委托记录
[逐笔委托] 股票: SZ000002, 价格: 6.5600, 数量: 75800, 类型: 买入报单, 时间: 14:59:50.000, 索引: 80033
[逐笔委托] 股票: SZ000002, 价格: 6.5500, 数量: 800, 类型: 卖出报单, 时间: 14:59:50.390, 索引: 80034
[逐笔委托] 股票: SZ000002, 价格: 6.5300, 数量: 15300, 类型: 买入报单, 时间: 14:59:51.050, 索引: 80035
[逐笔委托] 股票: SZ000002, 价格: 6.4400, 数量: 20000, 类型: 卖出报单, 时间: 14:59:51.150, 索引: 80036
[逐笔委托] 股票: SZ000002, 价格: 6.4600, 数量: 40800, 类型: 卖出报单, 时间: 14:59:56.490, 索引: 80053
[逐笔委托] 股票: SZ000002, 价格: 6.5000, 数量: 17000, 类型: 卖出报单, 时间: 14:59:59.140, 索引: 80063
2025/06/12 20:45:20 [数据流转] 收到数据: 股票=SZ000002, 类型=4, 数据结构=[]interface {}
2025/06/12 20:45:20 [数据流转] 逐笔成交数据为数组格式，长度: 56
2025/06/12 20:45:20 [数据流转] 成功解析 56 条逐笔成交记录
[逐笔成交] 股票: SZ000002, 价格: 6.5100, 成交量: 1000, 时间: 15:00:00, 成交ID: 39584
[逐笔成交] 股票: SZ000002, 价格: 6.5100, 成交量: 1400, 时间: 15:00:00, 成交ID: 39585
[逐笔成交] 股票: SZ000002, 价格: 6.5100, 成交量: 700, 时间: 15:00:00, 成交ID: 39586
[逐笔成交] 股票: SZ000002, 价格: 6.5100, 成交量: 19900, 时间: 15:00:00, 成交ID: 39589
[逐笔成交] 股票: SZ000002, 价格: 6.5100, 成交量: 40000, 时间: 15:00:00, 成交ID: 39604
[逐笔成交] 股票: SZ000002, 价格: 6.5100, 成交量: 11700, 时间: 15:00:00, 成交ID: 39620
2025/06/12 20:45:20 [数据流转] 收到数据: 股票=SZ002094, 类型=8, 数据结构=[]interface {}
2025/06/12 20:45:20 [数据流转] 逐笔明细数据为数组格式，长度: 56
2025/06/12 20:45:20 [数据流转] 成功解析 56 条逐笔明细记录
[逐笔明细] 股票: SZ002094, 包ID: 87840, 买单ID: 0, 卖单ID: 0
          买价: 9.2700, 买量: 2200, 卖价: 9.2700, 卖量: 4500
[逐笔明细] 股票: SZ002094, 包ID: 87841, 买单ID: 0, 卖单ID: 0
          买价: 9.2700, 买量: 3300, 卖价: 9.2700, 卖量: 4500
[逐笔明细] 股票: SZ002094, 包ID: 87842, 买单ID: 0, 卖单ID: 0
          买价: 9.2700, 买量: 3300, 卖价: 9.2700, 卖量: 1000
2025/06/12 20:46:10 [数据流转] 收到数据: 股票=SZ000002, 类型=14, 数据结构=[]interface {}
2025/06/12 20:46:10 [数据流转] 逐笔委托数据为数组格式，长度: 33
2025/06/12 20:46:10 [数据流转] 成功解析 33 条逐笔委托记录
[逐笔委托] 股票: SZ000002, 价格: 6.5600, 数量: 75800, 类型: 买入报单, 时间: 14:59:50.000, 索引: 80033
[逐笔委托] 股票: SZ000002, 价格: 6.5500, 数量: 800, 类型: 卖出报单, 时间: 14:59:50.390, 索引: 80034
[逐笔委托] 股票: SZ000002, 价格: 6.5300, 数量: 15300, 类型: 买入报单, 时间: 14:59:51.050, 索引: 80035
[逐笔委托] 股票: SZ000002, 价格: 6.4400, 数量: 20000, 类型: 卖出报单, 时间: 14:59:51.150, 索引: 80036
[逐笔委托] 股票: SZ000002, 价格: 6.4600, 数量: 40800, 类型: 卖出报单, 时间: 14:59:56.490, 索引: 80053
[逐笔委托] 股票: SZ000002, 价格: 6.5000, 数量: 17000, 类型: 卖出报单, 时间: 14:59:59.140, 索引: 80063
2025/06/12 20:46:10 [数据流转] 收到数据: 股票=SZ000002, 类型=4, 数据结构=[]interface {}
2025/06/12 20:46:10 [数据流转] 逐笔成交数据为数组格式，长度: 56
2025/06/12 20:46:10 [数据流转] 成功解析 56 条逐笔成交记录
[逐笔成交] 股票: SZ000002, 价格: 6.5100, 成交量: 1000, 时间: 15:00:00, 成交ID: 39584
[逐笔成交] 股票: SZ000002, 价格: 6.5100, 成交量: 1400, 时间: 15:00:00, 成交ID: 39585
[逐笔成交] 股票: SZ000002, 价格: 6.5100, 成交量: 700, 时间: 15:00:00, 成交ID: 39586
[逐笔成交] 股票: SZ000002, 价格: 6.5100, 成交量: 19900, 时间: 15:00:00, 成交ID: 39589
[逐笔成交] 股票: SZ000002, 价格: 6.5100, 成交量: 40000, 时间: 15:00:00, 成交ID: 39604
[逐笔成交] 股票: SZ000002, 价格: 6.5100, 成交量: 11700, 时间: 15:00:00, 成交ID: 39620
2025/06/12 20:46:10 [数据流转] 收到数据: 股票=SZ002094, 类型=8, 数据结构=[]interface {}
2025/06/12 20:46:10 [数据流转] 逐笔明细数据为数组格式，长度: 56
2025/06/12 20:46:10 [数据流转] 成功解析 56 条逐笔明细记录
[逐笔明细] 股票: SZ002094, 包ID: 87840, 买单ID: 0, 卖单ID: 0
          买价: 9.2700, 买量: 2200, 卖价: 9.2700, 卖量: 4500
[逐笔明细] 股票: SZ002094, 包ID: 87841, 买单ID: 0, 卖单ID: 0
          买价: 9.2700, 买量: 3300, 卖价: 9.2700, 卖量: 4500
[逐笔明细] 股票: SZ002094, 包ID: 87842, 买单ID: 0, 卖单ID: 0
          买价: 9.2700, 买量: 3300, 卖价: 9.2700, 卖量: 1000
2025/06/12 20:47:00 [数据流转] 收到数据: 股票=SZ000002, 类型=4, 数据结构=[]interface {}
2025/06/12 20:47:00 [数据流转] 逐笔成交数据为数组格式，长度: 56
2025/06/12 20:47:00 [数据流转] 成功解析 56 条逐笔成交记录
[逐笔成交] 股票: SZ000002, 价格: 6.5100, 成交量: 1000, 时间: 15:00:00, 成交ID: 39584
[逐笔成交] 股票: SZ000002, 价格: 6.5100, 成交量: 1400, 时间: 15:00:00, 成交ID: 39585
[逐笔成交] 股票: SZ000002, 价格: 6.5100, 成交量: 700, 时间: 15:00:00, 成交ID: 39586
[逐笔成交] 股票: SZ000002, 价格: 6.5100, 成交量: 19900, 时间: 15:00:00, 成交ID: 39589
[逐笔成交] 股票: SZ000002, 价格: 6.5100, 成交量: 40000, 时间: 15:00:00, 成交ID: 39604
[逐笔成交] 股票: SZ000002, 价格: 6.5100, 成交量: 11700, 时间: 15:00:00, 成交ID: 39620
2025/06/12 20:47:00 [数据流转] 收到数据: 股票=SZ000002, 类型=14, 数据结构=[]interface {}
2025/06/12 20:47:00 [数据流转] 逐笔委托数据为数组格式，长度: 33
2025/06/12 20:47:00 [数据流转] 成功解析 33 条逐笔委托记录
[逐笔委托] 股票: SZ000002, 价格: 6.5600, 数量: 75800, 类型: 买入报单, 时间: 14:59:50.000, 索引: 80033
[逐笔委托] 股票: SZ000002, 价格: 6.5500, 数量: 800, 类型: 卖出报单, 时间: 14:59:50.390, 索引: 80034
[逐笔委托] 股票: SZ000002, 价格: 6.5300, 数量: 15300, 类型: 买入报单, 时间: 14:59:51.050, 索引: 80035
[逐笔委托] 股票: SZ000002, 价格: 6.4400, 数量: 20000, 类型: 卖出报单, 时间: 14:59:51.150, 索引: 80036
[逐笔委托] 股票: SZ000002, 价格: 6.4600, 数量: 40800, 类型: 卖出报单, 时间: 14:59:56.490, 索引: 80053
[逐笔委托] 股票: SZ000002, 价格: 6.5000, 数量: 17000, 类型: 卖出报单, 时间: 14:59:59.140, 索引: 80063
2025/06/12 20:47:00 [数据流转] 收到数据: 股票=SZ002094, 类型=8, 数据结构=[]interface {}
2025/06/12 20:47:00 [数据流转] 逐笔明细数据为数组格式，长度: 56
2025/06/12 20:47:00 [数据流转] 成功解析 56 条逐笔明细记录
[逐笔明细] 股票: SZ002094, 包ID: 87840, 买单ID: 0, 卖单ID: 0
          买价: 9.2700, 买量: 2200, 卖价: 9.2700, 卖量: 4500
[逐笔明细] 股票: SZ002094, 包ID: 87841, 买单ID: 0, 卖单ID: 0
          买价: 9.2700, 买量: 3300, 卖价: 9.2700, 卖量: 4500
[逐笔明细] 股票: SZ002094, 包ID: 87842, 买单ID: 0, 卖单ID: 0
          买价: 9.2700, 买量: 3300, 卖价: 9.2700, 卖量: 1000
2025/06/12 20:47:50 [数据流转] 收到数据: 股票=SZ000002, 类型=4, 数据结构=[]interface {}
2025/06/12 20:47:50 [数据流转] 逐笔成交数据为数组格式，长度: 56
2025/06/12 20:47:50 [数据流转] 成功解析 56 条逐笔成交记录
[逐笔成交] 股票: SZ000002, 价格: 6.5100, 成交量: 1000, 时间: 15:00:00, 成交ID: 39584
[逐笔成交] 股票: SZ000002, 价格: 6.5100, 成交量: 1400, 时间: 15:00:00, 成交ID: 39585
[逐笔成交] 股票: SZ000002, 价格: 6.5100, 成交量: 700, 时间: 15:00:00, 成交ID: 39586
[逐笔成交] 股票: SZ000002, 价格: 6.5100, 成交量: 19900, 时间: 15:00:00, 成交ID: 39589
[逐笔成交] 股票: SZ000002, 价格: 6.5100, 成交量: 40000, 时间: 15:00:00, 成交ID: 39604
[逐笔成交] 股票: SZ000002, 价格: 6.5100, 成交量: 11700, 时间: 15:00:00, 成交ID: 39620
2025/06/12 20:47:50 [数据流转] 收到数据: 股票=SZ000002, 类型=14, 数据结构=[]interface {}
2025/06/12 20:47:50 [数据流转] 逐笔委托数据为数组格式，长度: 33
2025/06/12 20:47:50 [数据流转] 成功解析 33 条逐笔委托记录
[逐笔委托] 股票: SZ000002, 价格: 6.5600, 数量: 75800, 类型: 买入报单, 时间: 14:59:50.000, 索引: 80033
[逐笔委托] 股票: SZ000002, 价格: 6.5500, 数量: 800, 类型: 卖出报单, 时间: 14:59:50.390, 索引: 80034
[逐笔委托] 股票: SZ000002, 价格: 6.5300, 数量: 15300, 类型: 买入报单, 时间: 14:59:51.050, 索引: 80035
[逐笔委托] 股票: SZ000002, 价格: 6.4400, 数量: 20000, 类型: 卖出报单, 时间: 14:59:51.150, 索引: 80036
[逐笔委托] 股票: SZ000002, 价格: 6.4600, 数量: 40800, 类型: 卖出报单, 时间: 14:59:56.490, 索引: 80053
[逐笔委托] 股票: SZ000002, 价格: 6.5000, 数量: 17000, 类型: 卖出报单, 时间: 14:59:59.140, 索引: 80063
2025/06/12 20:47:50 [数据流转] 收到数据: 股票=SZ002094, 类型=8, 数据结构=[]interface {}
2025/06/12 20:47:50 [数据流转] 逐笔明细数据为数组格式，长度: 56
2025/06/12 20:47:50 [数据流转] 成功解析 56 条逐笔明细记录
[逐笔明细] 股票: SZ002094, 包ID: 87840, 买单ID: 0, 卖单ID: 0
          买价: 9.2700, 买量: 2200, 卖价: 9.2700, 卖量: 4500
[逐笔明细] 股票: SZ002094, 包ID: 87841, 买单ID: 0, 卖单ID: 0
          买价: 9.2700, 买量: 3300, 卖价: 9.2700, 卖量: 4500
[逐笔明细] 股票: SZ002094, 包ID: 87842, 买单ID: 0, 卖单ID: 0
          买价: 9.2700, 买量: 3300, 卖价: 9.2700, 卖量: 1000
2025/06/12 20:48:40 [数据流转] 收到数据: 股票=SZ000002, 类型=4, 数据结构=[]interface {}
2025/06/12 20:48:40 [数据流转] 逐笔成交数据为数组格式，长度: 56
2025/06/12 20:48:40 [数据流转] 成功解析 56 条逐笔成交记录
[逐笔成交] 股票: SZ000002, 价格: 6.5100, 成交量: 1000, 时间: 15:00:00, 成交ID: 39584
[逐笔成交] 股票: SZ000002, 价格: 6.5100, 成交量: 1400, 时间: 15:00:00, 成交ID: 39585
[逐笔成交] 股票: SZ000002, 价格: 6.5100, 成交量: 700, 时间: 15:00:00, 成交ID: 39586
[逐笔成交] 股票: SZ000002, 价格: 6.5100, 成交量: 19900, 时间: 15:00:00, 成交ID: 39589
[逐笔成交] 股票: SZ000002, 价格: 6.5100, 成交量: 40000, 时间: 15:00:00, 成交ID: 39604
[逐笔成交] 股票: SZ000002, 价格: 6.5100, 成交量: 11700, 时间: 15:00:00, 成交ID: 39620
2025/06/12 20:48:40 [数据流转] 收到数据: 股票=SZ000002, 类型=14, 数据结构=[]interface {}
2025/06/12 20:48:40 [数据流转] 逐笔委托数据为数组格式，长度: 33
2025/06/12 20:48:40 [数据流转] 成功解析 33 条逐笔委托记录
[逐笔委托] 股票: SZ000002, 价格: 6.5600, 数量: 75800, 类型: 买入报单, 时间: 14:59:50.000, 索引: 80033
[逐笔委托] 股票: SZ000002, 价格: 6.5500, 数量: 800, 类型: 卖出报单, 时间: 14:59:50.390, 索引: 80034
[逐笔委托] 股票: SZ000002, 价格: 6.5300, 数量: 15300, 类型: 买入报单, 时间: 14:59:51.050, 索引: 80035
[逐笔委托] 股票: SZ000002, 价格: 6.4400, 数量: 20000, 类型: 卖出报单, 时间: 14:59:51.150, 索引: 80036
[逐笔委托] 股票: SZ000002, 价格: 6.4600, 数量: 40800, 类型: 卖出报单, 时间: 14:59:56.490, 索引: 80053
[逐笔委托] 股票: SZ000002, 价格: 6.5000, 数量: 17000, 类型: 卖出报单, 时间: 14:59:59.140, 索引: 80063
2025/06/12 20:48:40 [数据流转] 收到数据: 股票=SZ002094, 类型=8, 数据结构=[]interface {}
2025/06/12 20:48:40 [数据流转] 逐笔明细数据为数组格式，长度: 56
2025/06/12 20:48:40 [数据流转] 成功解析 56 条逐笔明细记录
[逐笔明细] 股票: SZ002094, 包ID: 87840, 买单ID: 0, 卖单ID: 0
          买价: 9.2700, 买量: 2200, 卖价: 9.2700, 卖量: 4500
[逐笔明细] 股票: SZ002094, 包ID: 87841, 买单ID: 0, 卖单ID: 0
          买价: 9.2700, 买量: 3300, 卖价: 9.2700, 卖量: 4500
[逐笔明细] 股票: SZ002094, 包ID: 87842, 买单ID: 0, 卖单ID: 0
          买价: 9.2700, 买量: 3300, 卖价: 9.2700, 卖量: 1000
2025/06/12 20:49:30 [数据流转] 收到数据: 股票=SZ000002, 类型=4, 数据结构=[]interface {}
2025/06/12 20:49:30 [数据流转] 逐笔成交数据为数组格式，长度: 56
2025/06/12 20:49:30 [数据流转] 成功解析 56 条逐笔成交记录
[逐笔成交] 股票: SZ000002, 价格: 6.5100, 成交量: 1000, 时间: 15:00:00, 成交ID: 39584
[逐笔成交] 股票: SZ000002, 价格: 6.5100, 成交量: 1400, 时间: 15:00:00, 成交ID: 39585
[逐笔成交] 股票: SZ000002, 价格: 6.5100, 成交量: 700, 时间: 15:00:00, 成交ID: 39586
[逐笔成交] 股票: SZ000002, 价格: 6.5100, 成交量: 19900, 时间: 15:00:00, 成交ID: 39589
[逐笔成交] 股票: SZ000002, 价格: 6.5100, 成交量: 40000, 时间: 15:00:00, 成交ID: 39604
[逐笔成交] 股票: SZ000002, 价格: 6.5100, 成交量: 11700, 时间: 15:00:00, 成交ID: 39620
2025/06/12 20:49:30 [数据流转] 收到数据: 股票=SZ000002, 类型=14, 数据结构=[]interface {}
2025/06/12 20:49:30 [数据流转] 逐笔委托数据为数组格式，长度: 33
2025/06/12 20:49:30 [数据流转] 成功解析 33 条逐笔委托记录
[逐笔委托] 股票: SZ000002, 价格: 6.5600, 数量: 75800, 类型: 买入报单, 时间: 14:59:50.000, 索引: 80033
[逐笔委托] 股票: SZ000002, 价格: 6.5500, 数量: 800, 类型: 卖出报单, 时间: 14:59:50.390, 索引: 80034
[逐笔委托] 股票: SZ000002, 价格: 6.5300, 数量: 15300, 类型: 买入报单, 时间: 14:59:51.050, 索引: 80035
[逐笔委托] 股票: SZ000002, 价格: 6.4400, 数量: 20000, 类型: 卖出报单, 时间: 14:59:51.150, 索引: 80036
[逐笔委托] 股票: SZ000002, 价格: 6.4600, 数量: 40800, 类型: 卖出报单, 时间: 14:59:56.490, 索引: 80053
[逐笔委托] 股票: SZ000002, 价格: 6.5000, 数量: 17000, 类型: 卖出报单, 时间: 14:59:59.140, 索引: 80063
2025/06/12 20:49:30 [数据流转] 收到数据: 股票=SZ002094, 类型=8, 数据结构=[]interface {}
2025/06/12 20:49:30 [数据流转] 逐笔明细数据为数组格式，长度: 56
2025/06/12 20:49:30 [数据流转] 成功解析 56 条逐笔明细记录
[逐笔明细] 股票: SZ002094, 包ID: 87840, 买单ID: 0, 卖单ID: 0
          买价: 9.2700, 买量: 2200, 卖价: 9.2700, 卖量: 4500
[逐笔明细] 股票: SZ002094, 包ID: 87841, 买单ID: 0, 卖单ID: 0
          买价: 9.2700, 买量: 3300, 卖价: 9.2700, 卖量: 4500
[逐笔明细] 股票: SZ002094, 包ID: 87842, 买单ID: 0, 卖单ID: 0
          买价: 9.2700, 买量: 3300, 卖价: 9.2700, 卖量: 1000
2025/06/12 20:50:20 [数据流转] 收到数据: 股票=SZ000002, 类型=14, 数据结构=[]interface {}
2025/06/12 20:50:20 [数据流转] 逐笔委托数据为数组格式，长度: 33
2025/06/12 20:50:20 [数据流转] 成功解析 33 条逐笔委托记录
[逐笔委托] 股票: SZ000002, 价格: 6.5600, 数量: 75800, 类型: 买入报单, 时间: 14:59:50.000, 索引: 80033
[逐笔委托] 股票: SZ000002, 价格: 6.5500, 数量: 800, 类型: 卖出报单, 时间: 14:59:50.390, 索引: 80034
[逐笔委托] 股票: SZ000002, 价格: 6.5300, 数量: 15300, 类型: 买入报单, 时间: 14:59:51.050, 索引: 80035
[逐笔委托] 股票: SZ000002, 价格: 6.4400, 数量: 20000, 类型: 卖出报单, 时间: 14:59:51.150, 索引: 80036
[逐笔委托] 股票: SZ000002, 价格: 6.4600, 数量: 40800, 类型: 卖出报单, 时间: 14:59:56.490, 索引: 80053
[逐笔委托] 股票: SZ000002, 价格: 6.5000, 数量: 17000, 类型: 卖出报单, 时间: 14:59:59.140, 索引: 80063
2025/06/12 20:50:20 [数据流转] 收到数据: 股票=SZ000002, 类型=4, 数据结构=[]interface {}
2025/06/12 20:50:20 [数据流转] 逐笔成交数据为数组格式，长度: 56
2025/06/12 20:50:20 [数据流转] 成功解析 56 条逐笔成交记录
[逐笔成交] 股票: SZ000002, 价格: 6.5100, 成交量: 1000, 时间: 15:00:00, 成交ID: 39584
[逐笔成交] 股票: SZ000002, 价格: 6.5100, 成交量: 1400, 时间: 15:00:00, 成交ID: 39585
[逐笔成交] 股票: SZ000002, 价格: 6.5100, 成交量: 700, 时间: 15:00:00, 成交ID: 39586
[逐笔成交] 股票: SZ000002, 价格: 6.5100, 成交量: 19900, 时间: 15:00:00, 成交ID: 39589
[逐笔成交] 股票: SZ000002, 价格: 6.5100, 成交量: 40000, 时间: 15:00:00, 成交ID: 39604
[逐笔成交] 股票: SZ000002, 价格: 6.5100, 成交量: 11700, 时间: 15:00:00, 成交ID: 39620
2025/06/12 20:50:20 [数据流转] 收到数据: 股票=SZ002094, 类型=8, 数据结构=[]interface {}
2025/06/12 20:50:20 [数据流转] 逐笔明细数据为数组格式，长度: 56
2025/06/12 20:50:20 [数据流转] 成功解析 56 条逐笔明细记录
[逐笔明细] 股票: SZ002094, 包ID: 87840, 买单ID: 0, 卖单ID: 0
          买价: 9.2700, 买量: 2200, 卖价: 9.2700, 卖量: 4500
[逐笔明细] 股票: SZ002094, 包ID: 87841, 买单ID: 0, 卖单ID: 0
          买价: 9.2700, 买量: 3300, 卖价: 9.2700, 卖量: 4500
[逐笔明细] 股票: SZ002094, 包ID: 87842, 买单ID: 0, 卖单ID: 0
          买价: 9.2700, 买量: 3300, 卖价: 9.2700, 卖量: 1000
2025/06/12 20:51:10 [数据流转] 收到数据: 股票=SZ000002, 类型=4, 数据结构=[]interface {}
2025/06/12 20:51:10 [数据流转] 逐笔成交数据为数组格式，长度: 56
2025/06/12 20:51:10 [数据流转] 成功解析 56 条逐笔成交记录
[逐笔成交] 股票: SZ000002, 价格: 6.5100, 成交量: 1000, 时间: 15:00:00, 成交ID: 39584
[逐笔成交] 股票: SZ000002, 价格: 6.5100, 成交量: 1400, 时间: 15:00:00, 成交ID: 39585
[逐笔成交] 股票: SZ000002, 价格: 6.5100, 成交量: 700, 时间: 15:00:00, 成交ID: 39586
[逐笔成交] 股票: SZ000002, 价格: 6.5100, 成交量: 19900, 时间: 15:00:00, 成交ID: 39589
[逐笔成交] 股票: SZ000002, 价格: 6.5100, 成交量: 40000, 时间: 15:00:00, 成交ID: 39604
[逐笔成交] 股票: SZ000002, 价格: 6.5100, 成交量: 11700, 时间: 15:00:00, 成交ID: 39620
2025/06/12 20:51:10 [数据流转] 收到数据: 股票=SZ000002, 类型=14, 数据结构=[]interface {}
2025/06/12 20:51:10 [数据流转] 逐笔委托数据为数组格式，长度: 33
2025/06/12 20:51:10 [数据流转] 成功解析 33 条逐笔委托记录
[逐笔委托] 股票: SZ000002, 价格: 6.5600, 数量: 75800, 类型: 买入报单, 时间: 14:59:50.000, 索引: 80033
[逐笔委托] 股票: SZ000002, 价格: 6.5500, 数量: 800, 类型: 卖出报单, 时间: 14:59:50.390, 索引: 80034
[逐笔委托] 股票: SZ000002, 价格: 6.5300, 数量: 15300, 类型: 买入报单, 时间: 14:59:51.050, 索引: 80035
[逐笔委托] 股票: SZ000002, 价格: 6.4400, 数量: 20000, 类型: 卖出报单, 时间: 14:59:51.150, 索引: 80036
[逐笔委托] 股票: SZ000002, 价格: 6.4600, 数量: 40800, 类型: 卖出报单, 时间: 14:59:56.490, 索引: 80053
[逐笔委托] 股票: SZ000002, 价格: 6.5000, 数量: 17000, 类型: 卖出报单, 时间: 14:59:59.140, 索引: 80063
2025/06/12 20:51:10 [数据流转] 收到数据: 股票=SZ002094, 类型=8, 数据结构=[]interface {}
2025/06/12 20:51:10 [数据流转] 逐笔明细数据为数组格式，长度: 56
2025/06/12 20:51:10 [数据流转] 成功解析 56 条逐笔明细记录
[逐笔明细] 股票: SZ002094, 包ID: 87840, 买单ID: 0, 卖单ID: 0
          买价: 9.2700, 买量: 2200, 卖价: 9.2700, 卖量: 4500
[逐笔明细] 股票: SZ002094, 包ID: 87841, 买单ID: 0, 卖单ID: 0
          买价: 9.2700, 买量: 3300, 卖价: 9.2700, 卖量: 4500
[逐笔明细] 股票: SZ002094, 包ID: 87842, 买单ID: 0, 卖单ID: 0
          买价: 9.2700, 买量: 3300, 卖价: 9.2700, 卖量: 1000
2025/06/12 20:52:00 [数据流转] 收到数据: 股票=SZ002094, 类型=8, 数据结构=[]interface {}
2025/06/12 20:52:00 [数据流转] 逐笔明细数据为数组格式，长度: 56
2025/06/12 20:52:00 [数据流转] 成功解析 56 条逐笔明细记录
[逐笔明细] 股票: SZ002094, 包ID: 87840, 买单ID: 0, 卖单ID: 0
          买价: 9.2700, 买量: 2200, 卖价: 9.2700, 卖量: 4500
[逐笔明细] 股票: SZ002094, 包ID: 87841, 买单ID: 0, 卖单ID: 0
          买价: 9.2700, 买量: 3300, 卖价: 9.2700, 卖量: 4500
[逐笔明细] 股票: SZ002094, 包ID: 87842, 买单ID: 0, 卖单ID: 0
          买价: 9.2700, 买量: 3300, 卖价: 9.2700, 卖量: 1000
2025/06/12 20:52:00 [数据流转] 收到数据: 股票=SZ000002, 类型=14, 数据结构=[]interface {}
2025/06/12 20:52:00 [数据流转] 逐笔委托数据为数组格式，长度: 33
2025/06/12 20:52:00 [数据流转] 成功解析 33 条逐笔委托记录
[逐笔委托] 股票: SZ000002, 价格: 6.5600, 数量: 75800, 类型: 买入报单, 时间: 14:59:50.000, 索引: 80033
[逐笔委托] 股票: SZ000002, 价格: 6.5500, 数量: 800, 类型: 卖出报单, 时间: 14:59:50.390, 索引: 80034
[逐笔委托] 股票: SZ000002, 价格: 6.5300, 数量: 15300, 类型: 买入报单, 时间: 14:59:51.050, 索引: 80035
[逐笔委托] 股票: SZ000002, 价格: 6.4400, 数量: 20000, 类型: 卖出报单, 时间: 14:59:51.150, 索引: 80036
[逐笔委托] 股票: SZ000002, 价格: 6.4600, 数量: 40800, 类型: 卖出报单, 时间: 14:59:56.490, 索引: 80053
[逐笔委托] 股票: SZ000002, 价格: 6.5000, 数量: 17000, 类型: 卖出报单, 时间: 14:59:59.140, 索引: 80063
2025/06/12 20:52:00 [数据流转] 收到数据: 股票=SZ000002, 类型=4, 数据结构=[]interface {}
2025/06/12 20:52:00 [数据流转] 逐笔成交数据为数组格式，长度: 56
2025/06/12 20:52:00 [数据流转] 成功解析 56 条逐笔成交记录
[逐笔成交] 股票: SZ000002, 价格: 6.5100, 成交量: 1000, 时间: 15:00:00, 成交ID: 39584
[逐笔成交] 股票: SZ000002, 价格: 6.5100, 成交量: 1400, 时间: 15:00:00, 成交ID: 39585
[逐笔成交] 股票: SZ000002, 价格: 6.5100, 成交量: 700, 时间: 15:00:00, 成交ID: 39586
[逐笔成交] 股票: SZ000002, 价格: 6.5100, 成交量: 19900, 时间: 15:00:00, 成交ID: 39589
[逐笔成交] 股票: SZ000002, 价格: 6.5100, 成交量: 40000, 时间: 15:00:00, 成交ID: 39604
[逐笔成交] 股票: SZ000002, 价格: 6.5100, 成交量: 11700, 时间: 15:00:00, 成交ID: 39620
2025/06/12 20:52:50 [数据流转] 收到数据: 股票=SZ000002, 类型=4, 数据结构=[]interface {}
2025/06/12 20:52:50 [数据流转] 逐笔成交数据为数组格式，长度: 56
2025/06/12 20:52:50 [数据流转] 成功解析 56 条逐笔成交记录
[逐笔成交] 股票: SZ000002, 价格: 6.5100, 成交量: 1000, 时间: 15:00:00, 成交ID: 39584
[逐笔成交] 股票: SZ000002, 价格: 6.5100, 成交量: 1400, 时间: 15:00:00, 成交ID: 39585
[逐笔成交] 股票: SZ000002, 价格: 6.5100, 成交量: 700, 时间: 15:00:00, 成交ID: 39586
[逐笔成交] 股票: SZ000002, 价格: 6.5100, 成交量: 19900, 时间: 15:00:00, 成交ID: 39589
[逐笔成交] 股票: SZ000002, 价格: 6.5100, 成交量: 40000, 时间: 15:00:00, 成交ID: 39604
[逐笔成交] 股票: SZ000002, 价格: 6.5100, 成交量: 11700, 时间: 15:00:00, 成交ID: 39620
2025/06/12 20:52:50 [数据流转] 收到数据: 股票=SZ000002, 类型=14, 数据结构=[]interface {}
2025/06/12 20:52:50 [数据流转] 逐笔委托数据为数组格式，长度: 33
2025/06/12 20:52:50 [数据流转] 成功解析 33 条逐笔委托记录
[逐笔委托] 股票: SZ000002, 价格: 6.5600, 数量: 75800, 类型: 买入报单, 时间: 14:59:50.000, 索引: 80033
[逐笔委托] 股票: SZ000002, 价格: 6.5500, 数量: 800, 类型: 卖出报单, 时间: 14:59:50.390, 索引: 80034
[逐笔委托] 股票: SZ000002, 价格: 6.5300, 数量: 15300, 类型: 买入报单, 时间: 14:59:51.050, 索引: 80035
[逐笔委托] 股票: SZ000002, 价格: 6.4400, 数量: 20000, 类型: 卖出报单, 时间: 14:59:51.150, 索引: 80036
[逐笔委托] 股票: SZ000002, 价格: 6.4600, 数量: 40800, 类型: 卖出报单, 时间: 14:59:56.490, 索引: 80053
[逐笔委托] 股票: SZ000002, 价格: 6.5000, 数量: 17000, 类型: 卖出报单, 时间: 14:59:59.140, 索引: 80063
2025/06/12 20:52:50 [数据流转] 收到数据: 股票=SZ002094, 类型=8, 数据结构=[]interface {}
2025/06/12 20:52:50 [数据流转] 逐笔明细数据为数组格式，长度: 56
2025/06/12 20:52:50 [数据流转] 成功解析 56 条逐笔明细记录
[逐笔明细] 股票: SZ002094, 包ID: 87840, 买单ID: 0, 卖单ID: 0
          买价: 9.2700, 买量: 2200, 卖价: 9.2700, 卖量: 4500
[逐笔明细] 股票: SZ002094, 包ID: 87841, 买单ID: 0, 卖单ID: 0
          买价: 9.2700, 买量: 3300, 卖价: 9.2700, 卖量: 4500
[逐笔明细] 股票: SZ002094, 包ID: 87842, 买单ID: 0, 卖单ID: 0
          买价: 9.2700, 买量: 3300, 卖价: 9.2700, 卖量: 1000
2025/06/12 20:53:40 [数据流转] 收到数据: 股票=SZ000002, 类型=14, 数据结构=[]interface {}
2025/06/12 20:53:40 [数据流转] 逐笔委托数据为数组格式，长度: 33
2025/06/12 20:53:40 [数据流转] 成功解析 33 条逐笔委托记录
[逐笔委托] 股票: SZ000002, 价格: 6.5600, 数量: 75800, 类型: 买入报单, 时间: 14:59:50.000, 索引: 80033
[逐笔委托] 股票: SZ000002, 价格: 6.5500, 数量: 800, 类型: 卖出报单, 时间: 14:59:50.390, 索引: 80034
[逐笔委托] 股票: SZ000002, 价格: 6.5300, 数量: 15300, 类型: 买入报单, 时间: 14:59:51.050, 索引: 80035
[逐笔委托] 股票: SZ000002, 价格: 6.4400, 数量: 20000, 类型: 卖出报单, 时间: 14:59:51.150, 索引: 80036
[逐笔委托] 股票: SZ000002, 价格: 6.4600, 数量: 40800, 类型: 卖出报单, 时间: 14:59:56.490, 索引: 80053
[逐笔委托] 股票: SZ000002, 价格: 6.5000, 数量: 17000, 类型: 卖出报单, 时间: 14:59:59.140, 索引: 80063
2025/06/12 20:53:40 [数据流转] 收到数据: 股票=SZ000002, 类型=4, 数据结构=[]interface {}
2025/06/12 20:53:40 [数据流转] 逐笔成交数据为数组格式，长度: 56
2025/06/12 20:53:40 [数据流转] 成功解析 56 条逐笔成交记录
[逐笔成交] 股票: SZ000002, 价格: 6.5100, 成交量: 1000, 时间: 15:00:00, 成交ID: 39584
[逐笔成交] 股票: SZ000002, 价格: 6.5100, 成交量: 1400, 时间: 15:00:00, 成交ID: 39585
[逐笔成交] 股票: SZ000002, 价格: 6.5100, 成交量: 700, 时间: 15:00:00, 成交ID: 39586
[逐笔成交] 股票: SZ000002, 价格: 6.5100, 成交量: 19900, 时间: 15:00:00, 成交ID: 39589
[逐笔成交] 股票: SZ000002, 价格: 6.5100, 成交量: 40000, 时间: 15:00:00, 成交ID: 39604
[逐笔成交] 股票: SZ000002, 价格: 6.5100, 成交量: 11700, 时间: 15:00:00, 成交ID: 39620
2025/06/12 20:53:40 [数据流转] 收到数据: 股票=SZ002094, 类型=8, 数据结构=[]interface {}
2025/06/12 20:53:40 [数据流转] 逐笔明细数据为数组格式，长度: 56
2025/06/12 20:53:40 [数据流转] 成功解析 56 条逐笔明细记录
[逐笔明细] 股票: SZ002094, 包ID: 87840, 买单ID: 0, 卖单ID: 0
          买价: 9.2700, 买量: 2200, 卖价: 9.2700, 卖量: 4500
[逐笔明细] 股票: SZ002094, 包ID: 87841, 买单ID: 0, 卖单ID: 0
          买价: 9.2700, 买量: 3300, 卖价: 9.2700, 卖量: 4500
[逐笔明细] 股票: SZ002094, 包ID: 87842, 买单ID: 0, 卖单ID: 0
          买价: 9.2700, 买量: 3300, 卖价: 9.2700, 卖量: 1000
2025/06/12 20:54:30 [数据流转] 收到数据: 股票=SZ000002, 类型=4, 数据结构=[]interface {}
2025/06/12 20:54:30 [数据流转] 逐笔成交数据为数组格式，长度: 56
2025/06/12 20:54:30 [数据流转] 成功解析 56 条逐笔成交记录
[逐笔成交] 股票: SZ000002, 价格: 6.5100, 成交量: 1000, 时间: 15:00:00, 成交ID: 39584
[逐笔成交] 股票: SZ000002, 价格: 6.5100, 成交量: 1400, 时间: 15:00:00, 成交ID: 39585
[逐笔成交] 股票: SZ000002, 价格: 6.5100, 成交量: 700, 时间: 15:00:00, 成交ID: 39586
[逐笔成交] 股票: SZ000002, 价格: 6.5100, 成交量: 19900, 时间: 15:00:00, 成交ID: 39589
[逐笔成交] 股票: SZ000002, 价格: 6.5100, 成交量: 40000, 时间: 15:00:00, 成交ID: 39604
[逐笔成交] 股票: SZ000002, 价格: 6.5100, 成交量: 11700, 时间: 15:00:00, 成交ID: 39620
2025/06/12 20:54:30 [数据流转] 收到数据: 股票=SZ000002, 类型=14, 数据结构=[]interface {}
2025/06/12 20:54:30 [数据流转] 逐笔委托数据为数组格式，长度: 33
2025/06/12 20:54:30 [数据流转] 成功解析 33 条逐笔委托记录
[逐笔委托] 股票: SZ000002, 价格: 6.5600, 数量: 75800, 类型: 买入报单, 时间: 14:59:50.000, 索引: 80033
[逐笔委托] 股票: SZ000002, 价格: 6.5500, 数量: 800, 类型: 卖出报单, 时间: 14:59:50.390, 索引: 80034
[逐笔委托] 股票: SZ000002, 价格: 6.5300, 数量: 15300, 类型: 买入报单, 时间: 14:59:51.050, 索引: 80035
[逐笔委托] 股票: SZ000002, 价格: 6.4400, 数量: 20000, 类型: 卖出报单, 时间: 14:59:51.150, 索引: 80036
[逐笔委托] 股票: SZ000002, 价格: 6.4600, 数量: 40800, 类型: 卖出报单, 时间: 14:59:56.490, 索引: 80053
[逐笔委托] 股票: SZ000002, 价格: 6.5000, 数量: 17000, 类型: 卖出报单, 时间: 14:59:59.140, 索引: 80063
2025/06/12 20:54:30 [数据流转] 收到数据: 股票=SZ002094, 类型=8, 数据结构=[]interface {}
2025/06/12 20:54:30 [数据流转] 逐笔明细数据为数组格式，长度: 56
2025/06/12 20:54:30 [数据流转] 成功解析 56 条逐笔明细记录
[逐笔明细] 股票: SZ002094, 包ID: 87840, 买单ID: 0, 卖单ID: 0
          买价: 9.2700, 买量: 2200, 卖价: 9.2700, 卖量: 4500
[逐笔明细] 股票: SZ002094, 包ID: 87841, 买单ID: 0, 卖单ID: 0
          买价: 9.2700, 买量: 3300, 卖价: 9.2700, 卖量: 4500
[逐笔明细] 股票: SZ002094, 包ID: 87842, 买单ID: 0, 卖单ID: 0
          买价: 9.2700, 买量: 3300, 卖价: 9.2700, 卖量: 1000
2025/06/12 20:55:20 [数据流转] 收到数据: 股票=SZ000002, 类型=14, 数据结构=[]interface {}
2025/06/12 20:55:20 [数据流转] 逐笔委托数据为数组格式，长度: 33
2025/06/12 20:55:20 [数据流转] 成功解析 33 条逐笔委托记录
[逐笔委托] 股票: SZ000002, 价格: 6.5600, 数量: 75800, 类型: 买入报单, 时间: 14:59:50.000, 索引: 80033
[逐笔委托] 股票: SZ000002, 价格: 6.5500, 数量: 800, 类型: 卖出报单, 时间: 14:59:50.390, 索引: 80034
[逐笔委托] 股票: SZ000002, 价格: 6.5300, 数量: 15300, 类型: 买入报单, 时间: 14:59:51.050, 索引: 80035
[逐笔委托] 股票: SZ000002, 价格: 6.4400, 数量: 20000, 类型: 卖出报单, 时间: 14:59:51.150, 索引: 80036
[逐笔委托] 股票: SZ000002, 价格: 6.4600, 数量: 40800, 类型: 卖出报单, 时间: 14:59:56.490, 索引: 80053
[逐笔委托] 股票: SZ000002, 价格: 6.5000, 数量: 17000, 类型: 卖出报单, 时间: 14:59:59.140, 索引: 80063
2025/06/12 20:55:20 [数据流转] 收到数据: 股票=SZ000002, 类型=4, 数据结构=[]interface {}
2025/06/12 20:55:20 [数据流转] 逐笔成交数据为数组格式，长度: 56
2025/06/12 20:55:20 [数据流转] 成功解析 56 条逐笔成交记录
[逐笔成交] 股票: SZ000002, 价格: 6.5100, 成交量: 1000, 时间: 15:00:00, 成交ID: 39584
[逐笔成交] 股票: SZ000002, 价格: 6.5100, 成交量: 1400, 时间: 15:00:00, 成交ID: 39585
[逐笔成交] 股票: SZ000002, 价格: 6.5100, 成交量: 700, 时间: 15:00:00, 成交ID: 39586
[逐笔成交] 股票: SZ000002, 价格: 6.5100, 成交量: 19900, 时间: 15:00:00, 成交ID: 39589
[逐笔成交] 股票: SZ000002, 价格: 6.5100, 成交量: 40000, 时间: 15:00:00, 成交ID: 39604
[逐笔成交] 股票: SZ000002, 价格: 6.5100, 成交量: 11700, 时间: 15:00:00, 成交ID: 39620
2025/06/12 20:55:20 [数据流转] 收到数据: 股票=SZ002094, 类型=8, 数据结构=[]interface {}
2025/06/12 20:55:20 [数据流转] 逐笔明细数据为数组格式，长度: 56
2025/06/12 20:55:20 [数据流转] 成功解析 56 条逐笔明细记录
[逐笔明细] 股票: SZ002094, 包ID: 87840, 买单ID: 0, 卖单ID: 0
          买价: 9.2700, 买量: 2200, 卖价: 9.2700, 卖量: 4500
[逐笔明细] 股票: SZ002094, 包ID: 87841, 买单ID: 0, 卖单ID: 0
          买价: 9.2700, 买量: 3300, 卖价: 9.2700, 卖量: 4500
[逐笔明细] 股票: SZ002094, 包ID: 87842, 买单ID: 0, 卖单ID: 0
          买价: 9.2700, 买量: 3300, 卖价: 9.2700, 卖量: 1000
2025/06/12 20:56:10 [数据流转] 收到数据: 股票=SZ000002, 类型=14, 数据结构=[]interface {}
2025/06/12 20:56:10 [数据流转] 逐笔委托数据为数组格式，长度: 33
2025/06/12 20:56:10 [数据流转] 成功解析 33 条逐笔委托记录
[逐笔委托] 股票: SZ000002, 价格: 6.5600, 数量: 75800, 类型: 买入报单, 时间: 14:59:50.000, 索引: 80033
[逐笔委托] 股票: SZ000002, 价格: 6.5500, 数量: 800, 类型: 卖出报单, 时间: 14:59:50.390, 索引: 80034
[逐笔委托] 股票: SZ000002, 价格: 6.5300, 数量: 15300, 类型: 买入报单, 时间: 14:59:51.050, 索引: 80035
[逐笔委托] 股票: SZ000002, 价格: 6.4400, 数量: 20000, 类型: 卖出报单, 时间: 14:59:51.150, 索引: 80036
[逐笔委托] 股票: SZ000002, 价格: 6.4600, 数量: 40800, 类型: 卖出报单, 时间: 14:59:56.490, 索引: 80053
[逐笔委托] 股票: SZ000002, 价格: 6.5000, 数量: 17000, 类型: 卖出报单, 时间: 14:59:59.140, 索引: 80063
2025/06/12 20:56:10 [数据流转] 收到数据: 股票=SZ000002, 类型=4, 数据结构=[]interface {}
2025/06/12 20:56:10 [数据流转] 逐笔成交数据为数组格式，长度: 56
2025/06/12 20:56:10 [数据流转] 成功解析 56 条逐笔成交记录
[逐笔成交] 股票: SZ000002, 价格: 6.5100, 成交量: 1000, 时间: 15:00:00, 成交ID: 39584
[逐笔成交] 股票: SZ000002, 价格: 6.5100, 成交量: 1400, 时间: 15:00:00, 成交ID: 39585
[逐笔成交] 股票: SZ000002, 价格: 6.5100, 成交量: 700, 时间: 15:00:00, 成交ID: 39586
[逐笔成交] 股票: SZ000002, 价格: 6.5100, 成交量: 19900, 时间: 15:00:00, 成交ID: 39589
[逐笔成交] 股票: SZ000002, 价格: 6.5100, 成交量: 40000, 时间: 15:00:00, 成交ID: 39604
[逐笔成交] 股票: SZ000002, 价格: 6.5100, 成交量: 11700, 时间: 15:00:00, 成交ID: 39620
2025/06/12 20:56:10 [数据流转] 收到数据: 股票=SZ002094, 类型=8, 数据结构=[]interface {}
2025/06/12 20:56:10 [数据流转] 逐笔明细数据为数组格式，长度: 56
2025/06/12 20:56:10 [数据流转] 成功解析 56 条逐笔明细记录
[逐笔明细] 股票: SZ002094, 包ID: 87840, 买单ID: 0, 卖单ID: 0
          买价: 9.2700, 买量: 2200, 卖价: 9.2700, 卖量: 4500
[逐笔明细] 股票: SZ002094, 包ID: 87841, 买单ID: 0, 卖单ID: 0
          买价: 9.2700, 买量: 3300, 卖价: 9.2700, 卖量: 4500
[逐笔明细] 股票: SZ002094, 包ID: 87842, 买单ID: 0, 卖单ID: 0
          买价: 9.2700, 买量: 3300, 卖价: 9.2700, 卖量: 1000
2025/06/12 20:57:01 [数据流转] 收到数据: 股票=SZ000002, 类型=4, 数据结构=[]interface {}
2025/06/12 20:57:01 [数据流转] 逐笔成交数据为数组格式，长度: 56
2025/06/12 20:57:01 [数据流转] 成功解析 56 条逐笔成交记录
[逐笔成交] 股票: SZ000002, 价格: 6.5100, 成交量: 1000, 时间: 15:00:00, 成交ID: 39584
[逐笔成交] 股票: SZ000002, 价格: 6.5100, 成交量: 1400, 时间: 15:00:00, 成交ID: 39585
[逐笔成交] 股票: SZ000002, 价格: 6.5100, 成交量: 700, 时间: 15:00:00, 成交ID: 39586
[逐笔成交] 股票: SZ000002, 价格: 6.5100, 成交量: 19900, 时间: 15:00:00, 成交ID: 39589
[逐笔成交] 股票: SZ000002, 价格: 6.5100, 成交量: 40000, 时间: 15:00:00, 成交ID: 39604
[逐笔成交] 股票: SZ000002, 价格: 6.5100, 成交量: 11700, 时间: 15:00:00, 成交ID: 39620
2025/06/12 20:57:01 [数据流转] 收到数据: 股票=SZ000002, 类型=14, 数据结构=[]interface {}
2025/06/12 20:57:01 [数据流转] 逐笔委托数据为数组格式，长度: 33
2025/06/12 20:57:01 [数据流转] 成功解析 33 条逐笔委托记录
[逐笔委托] 股票: SZ000002, 价格: 6.5600, 数量: 75800, 类型: 买入报单, 时间: 14:59:50.000, 索引: 80033
[逐笔委托] 股票: SZ000002, 价格: 6.5500, 数量: 800, 类型: 卖出报单, 时间: 14:59:50.390, 索引: 80034
[逐笔委托] 股票: SZ000002, 价格: 6.5300, 数量: 15300, 类型: 买入报单, 时间: 14:59:51.050, 索引: 80035
[逐笔委托] 股票: SZ000002, 价格: 6.4400, 数量: 20000, 类型: 卖出报单, 时间: 14:59:51.150, 索引: 80036
[逐笔委托] 股票: SZ000002, 价格: 6.4600, 数量: 40800, 类型: 卖出报单, 时间: 14:59:56.490, 索引: 80053
[逐笔委托] 股票: SZ000002, 价格: 6.5000, 数量: 17000, 类型: 卖出报单, 时间: 14:59:59.140, 索引: 80063
2025/06/12 20:57:01 [数据流转] 收到数据: 股票=SZ002094, 类型=8, 数据结构=[]interface {}
2025/06/12 20:57:01 [数据流转] 逐笔明细数据为数组格式，长度: 56
2025/06/12 20:57:01 [数据流转] 成功解析 56 条逐笔明细记录
[逐笔明细] 股票: SZ002094, 包ID: 87840, 买单ID: 0, 卖单ID: 0
          买价: 9.2700, 买量: 2200, 卖价: 9.2700, 卖量: 4500
[逐笔明细] 股票: SZ002094, 包ID: 87841, 买单ID: 0, 卖单ID: 0
          买价: 9.2700, 买量: 3300, 卖价: 9.2700, 卖量: 4500
[逐笔明细] 股票: SZ002094, 包ID: 87842, 买单ID: 0, 卖单ID: 0
          买价: 9.2700, 买量: 3300, 卖价: 9.2700, 卖量: 1000
2025/06/12 20:57:50 [数据流转] 收到数据: 股票=SZ000002, 类型=14, 数据结构=[]interface {}
2025/06/12 20:57:50 [数据流转] 逐笔委托数据为数组格式，长度: 33
2025/06/12 20:57:50 [数据流转] 成功解析 33 条逐笔委托记录
[逐笔委托] 股票: SZ000002, 价格: 6.5600, 数量: 75800, 类型: 买入报单, 时间: 14:59:50.000, 索引: 80033
[逐笔委托] 股票: SZ000002, 价格: 6.5500, 数量: 800, 类型: 卖出报单, 时间: 14:59:50.390, 索引: 80034
[逐笔委托] 股票: SZ000002, 价格: 6.5300, 数量: 15300, 类型: 买入报单, 时间: 14:59:51.050, 索引: 80035
[逐笔委托] 股票: SZ000002, 价格: 6.4400, 数量: 20000, 类型: 卖出报单, 时间: 14:59:51.150, 索引: 80036
[逐笔委托] 股票: SZ000002, 价格: 6.4600, 数量: 40800, 类型: 卖出报单, 时间: 14:59:56.490, 索引: 80053
[逐笔委托] 股票: SZ000002, 价格: 6.5000, 数量: 17000, 类型: 卖出报单, 时间: 14:59:59.140, 索引: 80063
2025/06/12 20:57:50 [数据流转] 收到数据: 股票=SZ000002, 类型=4, 数据结构=[]interface {}
2025/06/12 20:57:50 [数据流转] 逐笔成交数据为数组格式，长度: 56
2025/06/12 20:57:50 [数据流转] 成功解析 56 条逐笔成交记录
[逐笔成交] 股票: SZ000002, 价格: 6.5100, 成交量: 1000, 时间: 15:00:00, 成交ID: 39584
[逐笔成交] 股票: SZ000002, 价格: 6.5100, 成交量: 1400, 时间: 15:00:00, 成交ID: 39585
[逐笔成交] 股票: SZ000002, 价格: 6.5100, 成交量: 700, 时间: 15:00:00, 成交ID: 39586
[逐笔成交] 股票: SZ000002, 价格: 6.5100, 成交量: 19900, 时间: 15:00:00, 成交ID: 39589
[逐笔成交] 股票: SZ000002, 价格: 6.5100, 成交量: 40000, 时间: 15:00:00, 成交ID: 39604
[逐笔成交] 股票: SZ000002, 价格: 6.5100, 成交量: 11700, 时间: 15:00:00, 成交ID: 39620
2025/06/12 20:57:50 [数据流转] 收到数据: 股票=SZ002094, 类型=8, 数据结构=[]interface {}
2025/06/12 20:57:50 [数据流转] 逐笔明细数据为数组格式，长度: 56
2025/06/12 20:57:50 [数据流转] 成功解析 56 条逐笔明细记录
[逐笔明细] 股票: SZ002094, 包ID: 87840, 买单ID: 0, 卖单ID: 0
          买价: 9.2700, 买量: 2200, 卖价: 9.2700, 卖量: 4500
[逐笔明细] 股票: SZ002094, 包ID: 87841, 买单ID: 0, 卖单ID: 0
          买价: 9.2700, 买量: 3300, 卖价: 9.2700, 卖量: 4500
[逐笔明细] 股票: SZ002094, 包ID: 87842, 买单ID: 0, 卖单ID: 0
          买价: 9.2700, 买量: 3300, 卖价: 9.2700, 卖量: 1000
2025/06/12 20:58:40 [数据流转] 收到数据: 股票=SZ000002, 类型=4, 数据结构=[]interface {}
2025/06/12 20:58:40 [数据流转] 逐笔成交数据为数组格式，长度: 56
2025/06/12 20:58:40 [数据流转] 成功解析 56 条逐笔成交记录
[逐笔成交] 股票: SZ000002, 价格: 6.5100, 成交量: 1000, 时间: 15:00:00, 成交ID: 39584
[逐笔成交] 股票: SZ000002, 价格: 6.5100, 成交量: 1400, 时间: 15:00:00, 成交ID: 39585
[逐笔成交] 股票: SZ000002, 价格: 6.5100, 成交量: 700, 时间: 15:00:00, 成交ID: 39586
[逐笔成交] 股票: SZ000002, 价格: 6.5100, 成交量: 19900, 时间: 15:00:00, 成交ID: 39589
[逐笔成交] 股票: SZ000002, 价格: 6.5100, 成交量: 40000, 时间: 15:00:00, 成交ID: 39604
[逐笔成交] 股票: SZ000002, 价格: 6.5100, 成交量: 11700, 时间: 15:00:00, 成交ID: 39620
2025/06/12 20:58:40 [数据流转] 收到数据: 股票=SZ000002, 类型=14, 数据结构=[]interface {}
2025/06/12 20:58:40 [数据流转] 逐笔委托数据为数组格式，长度: 33
2025/06/12 20:58:40 [数据流转] 成功解析 33 条逐笔委托记录
[逐笔委托] 股票: SZ000002, 价格: 6.5600, 数量: 75800, 类型: 买入报单, 时间: 14:59:50.000, 索引: 80033
[逐笔委托] 股票: SZ000002, 价格: 6.5500, 数量: 800, 类型: 卖出报单, 时间: 14:59:50.390, 索引: 80034
[逐笔委托] 股票: SZ000002, 价格: 6.5300, 数量: 15300, 类型: 买入报单, 时间: 14:59:51.050, 索引: 80035
[逐笔委托] 股票: SZ000002, 价格: 6.4400, 数量: 20000, 类型: 卖出报单, 时间: 14:59:51.150, 索引: 80036
[逐笔委托] 股票: SZ000002, 价格: 6.4600, 数量: 40800, 类型: 卖出报单, 时间: 14:59:56.490, 索引: 80053
[逐笔委托] 股票: SZ000002, 价格: 6.5000, 数量: 17000, 类型: 卖出报单, 时间: 14:59:59.140, 索引: 80063
2025/06/12 20:58:40 [数据流转] 收到数据: 股票=SZ002094, 类型=8, 数据结构=[]interface {}
2025/06/12 20:58:40 [数据流转] 逐笔明细数据为数组格式，长度: 56
2025/06/12 20:58:40 [数据流转] 成功解析 56 条逐笔明细记录
[逐笔明细] 股票: SZ002094, 包ID: 87840, 买单ID: 0, 卖单ID: 0
          买价: 9.2700, 买量: 2200, 卖价: 9.2700, 卖量: 4500
[逐笔明细] 股票: SZ002094, 包ID: 87841, 买单ID: 0, 卖单ID: 0
          买价: 9.2700, 买量: 3300, 卖价: 9.2700, 卖量: 4500
[逐笔明细] 股票: SZ002094, 包ID: 87842, 买单ID: 0, 卖单ID: 0
          买价: 9.2700, 买量: 3300, 卖价: 9.2700, 卖量: 1000
2025/06/12 20:59:30 [数据流转] 收到数据: 股票=SZ000002, 类型=14, 数据结构=[]interface {}
2025/06/12 20:59:30 [数据流转] 逐笔委托数据为数组格式，长度: 33
2025/06/12 20:59:30 [数据流转] 成功解析 33 条逐笔委托记录
[逐笔委托] 股票: SZ000002, 价格: 6.5600, 数量: 75800, 类型: 买入报单, 时间: 14:59:50.000, 索引: 80033
[逐笔委托] 股票: SZ000002, 价格: 6.5500, 数量: 800, 类型: 卖出报单, 时间: 14:59:50.390, 索引: 80034
[逐笔委托] 股票: SZ000002, 价格: 6.5300, 数量: 15300, 类型: 买入报单, 时间: 14:59:51.050, 索引: 80035
[逐笔委托] 股票: SZ000002, 价格: 6.4400, 数量: 20000, 类型: 卖出报单, 时间: 14:59:51.150, 索引: 80036
[逐笔委托] 股票: SZ000002, 价格: 6.4600, 数量: 40800, 类型: 卖出报单, 时间: 14:59:56.490, 索引: 80053
[逐笔委托] 股票: SZ000002, 价格: 6.5000, 数量: 17000, 类型: 卖出报单, 时间: 14:59:59.140, 索引: 80063
2025/06/12 20:59:30 [数据流转] 收到数据: 股票=SZ000002, 类型=4, 数据结构=[]interface {}
2025/06/12 20:59:30 [数据流转] 逐笔成交数据为数组格式，长度: 56
2025/06/12 20:59:30 [数据流转] 成功解析 56 条逐笔成交记录
[逐笔成交] 股票: SZ000002, 价格: 6.5100, 成交量: 1000, 时间: 15:00:00, 成交ID: 39584
[逐笔成交] 股票: SZ000002, 价格: 6.5100, 成交量: 1400, 时间: 15:00:00, 成交ID: 39585
[逐笔成交] 股票: SZ000002, 价格: 6.5100, 成交量: 700, 时间: 15:00:00, 成交ID: 39586
[逐笔成交] 股票: SZ000002, 价格: 6.5100, 成交量: 19900, 时间: 15:00:00, 成交ID: 39589
[逐笔成交] 股票: SZ000002, 价格: 6.5100, 成交量: 40000, 时间: 15:00:00, 成交ID: 39604
[逐笔成交] 股票: SZ000002, 价格: 6.5100, 成交量: 11700, 时间: 15:00:00, 成交ID: 39620
2025/06/12 20:59:30 [数据流转] 收到数据: 股票=SZ002094, 类型=8, 数据结构=[]interface {}
2025/06/12 20:59:30 [数据流转] 逐笔明细数据为数组格式，长度: 56
2025/06/12 20:59:30 [数据流转] 成功解析 56 条逐笔明细记录
[逐笔明细] 股票: SZ002094, 包ID: 87840, 买单ID: 0, 卖单ID: 0
          买价: 9.2700, 买量: 2200, 卖价: 9.2700, 卖量: 4500
[逐笔明细] 股票: SZ002094, 包ID: 87841, 买单ID: 0, 卖单ID: 0
          买价: 9.2700, 买量: 3300, 卖价: 9.2700, 卖量: 4500
[逐笔明细] 股票: SZ002094, 包ID: 87842, 买单ID: 0, 卖单ID: 0
          买价: 9.2700, 买量: 3300, 卖价: 9.2700, 卖量: 1000
2025/06/12 21:00:20 [数据流转] 收到数据: 股票=SZ000002, 类型=4, 数据结构=[]interface {}
2025/06/12 21:00:20 [数据流转] 逐笔成交数据为数组格式，长度: 56
2025/06/12 21:00:20 [数据流转] 成功解析 56 条逐笔成交记录
[逐笔成交] 股票: SZ000002, 价格: 6.5100, 成交量: 1000, 时间: 15:00:00, 成交ID: 39584
[逐笔成交] 股票: SZ000002, 价格: 6.5100, 成交量: 1400, 时间: 15:00:00, 成交ID: 39585
[逐笔成交] 股票: SZ000002, 价格: 6.5100, 成交量: 700, 时间: 15:00:00, 成交ID: 39586
[逐笔成交] 股票: SZ000002, 价格: 6.5100, 成交量: 19900, 时间: 15:00:00, 成交ID: 39589
[逐笔成交] 股票: SZ000002, 价格: 6.5100, 成交量: 40000, 时间: 15:00:00, 成交ID: 39604
[逐笔成交] 股票: SZ000002, 价格: 6.5100, 成交量: 11700, 时间: 15:00:00, 成交ID: 39620
2025/06/12 21:00:20 [数据流转] 收到数据: 股票=SZ000002, 类型=14, 数据结构=[]interface {}
2025/06/12 21:00:20 [数据流转] 逐笔委托数据为数组格式，长度: 33
2025/06/12 21:00:20 [数据流转] 成功解析 33 条逐笔委托记录
[逐笔委托] 股票: SZ000002, 价格: 6.5600, 数量: 75800, 类型: 买入报单, 时间: 14:59:50.000, 索引: 80033
[逐笔委托] 股票: SZ000002, 价格: 6.5500, 数量: 800, 类型: 卖出报单, 时间: 14:59:50.390, 索引: 80034
[逐笔委托] 股票: SZ000002, 价格: 6.5300, 数量: 15300, 类型: 买入报单, 时间: 14:59:51.050, 索引: 80035
[逐笔委托] 股票: SZ000002, 价格: 6.4400, 数量: 20000, 类型: 卖出报单, 时间: 14:59:51.150, 索引: 80036
[逐笔委托] 股票: SZ000002, 价格: 6.4600, 数量: 40800, 类型: 卖出报单, 时间: 14:59:56.490, 索引: 80053
[逐笔委托] 股票: SZ000002, 价格: 6.5000, 数量: 17000, 类型: 卖出报单, 时间: 14:59:59.140, 索引: 80063
2025/06/12 21:00:20 [数据流转] 收到数据: 股票=SZ002094, 类型=8, 数据结构=[]interface {}
2025/06/12 21:00:20 [数据流转] 逐笔明细数据为数组格式，长度: 56
2025/06/12 21:00:20 [数据流转] 成功解析 56 条逐笔明细记录
[逐笔明细] 股票: SZ002094, 包ID: 87840, 买单ID: 0, 卖单ID: 0
          买价: 9.2700, 买量: 2200, 卖价: 9.2700, 卖量: 4500
[逐笔明细] 股票: SZ002094, 包ID: 87841, 买单ID: 0, 卖单ID: 0
          买价: 9.2700, 买量: 3300, 卖价: 9.2700, 卖量: 4500
[逐笔明细] 股票: SZ002094, 包ID: 87842, 买单ID: 0, 卖单ID: 0
          买价: 9.2700, 买量: 3300, 卖价: 9.2700, 卖量: 1000
2025/06/12 21:01:10 [数据流转] 收到数据: 股票=SZ002094, 类型=4, 数据结构=[]interface {}
2025/06/12 21:01:10 [数据流转] 逐笔成交数据为数组格式，长度: 56
2025/06/12 21:01:10 [数据流转] 成功解析 56 条逐笔成交记录
[逐笔成交] 股票: SZ002094, 价格: 9.2700, 成交量: -2200, 时间: 15:00:00, 成交ID: 87840
[逐笔成交] 股票: SZ002094, 价格: 9.2700, 成交量: -100, 时间: 15:00:00, 成交ID: 87841
[逐笔成交] 股票: SZ002094, 价格: 9.2700, 成交量: -1000, 时间: 15:00:00, 成交ID: 87842
2025/06/12 21:01:10 [数据流转] 收到数据: 股票=SZ000002, 类型=14, 数据结构=[]interface {}
2025/06/12 21:01:10 [数据流转] 逐笔委托数据为数组格式，长度: 33
2025/06/12 21:01:10 [数据流转] 成功解析 33 条逐笔委托记录
[逐笔委托] 股票: SZ000002, 价格: 6.5600, 数量: 75800, 类型: 买入报单, 时间: 14:59:50.000, 索引: 80033
[逐笔委托] 股票: SZ000002, 价格: 6.5500, 数量: 800, 类型: 卖出报单, 时间: 14:59:50.390, 索引: 80034
[逐笔委托] 股票: SZ000002, 价格: 6.5300, 数量: 15300, 类型: 买入报单, 时间: 14:59:51.050, 索引: 80035
[逐笔委托] 股票: SZ000002, 价格: 6.4400, 数量: 20000, 类型: 卖出报单, 时间: 14:59:51.150, 索引: 80036
[逐笔委托] 股票: SZ000002, 价格: 6.4600, 数量: 40800, 类型: 卖出报单, 时间: 14:59:56.490, 索引: 80053
[逐笔委托] 股票: SZ000002, 价格: 6.5000, 数量: 17000, 类型: 卖出报单, 时间: 14:59:59.140, 索引: 80063
2025/06/12 21:01:10 [数据流转] 收到数据: 股票=SZ000002, 类型=4, 数据结构=[]interface {}
2025/06/12 21:01:10 [数据流转] 逐笔成交数据为数组格式，长度: 56
2025/06/12 21:01:10 [数据流转] 成功解析 56 条逐笔成交记录
[逐笔成交] 股票: SZ000002, 价格: 6.5100, 成交量: 1000, 时间: 15:00:00, 成交ID: 39584
[逐笔成交] 股票: SZ000002, 价格: 6.5100, 成交量: 1400, 时间: 15:00:00, 成交ID: 39585
[逐笔成交] 股票: SZ000002, 价格: 6.5100, 成交量: 700, 时间: 15:00:00, 成交ID: 39586
[逐笔成交] 股票: SZ000002, 价格: 6.5100, 成交量: 19900, 时间: 15:00:00, 成交ID: 39589
[逐笔成交] 股票: SZ000002, 价格: 6.5100, 成交量: 40000, 时间: 15:00:00, 成交ID: 39604
[逐笔成交] 股票: SZ000002, 价格: 6.5100, 成交量: 11700, 时间: 15:00:00, 成交ID: 39620
2025/06/12 21:01:10 [数据流转] 收到数据: 股票=SZ000001, 类型=8, 数据结构=[]interface {}
2025/06/12 21:01:10 [数据流转] 逐笔明细数据为数组格式，长度: 49
2025/06/12 21:01:10 [数据流转] 成功解析 49 条逐笔明细记录
[逐笔明细] 股票: SZ000001, 包ID: 77120, 买单ID: 0, 卖单ID: 0
          买价: 11.6800, 买量: 2000, 卖价: 11.6800, 卖量: 200
[逐笔明细] 股票: SZ000001, 包ID: 77121, 买单ID: 0, 卖单ID: 0
          买价: 11.6800, 买量: 2000, 卖价: 11.6800, 卖量: 500
[逐笔明细] 股票: SZ000001, 包ID: 77122, 买单ID: 0, 卖单ID: 0
          买价: 11.6800, 买量: 2000, 卖价: 11.6800, 卖量: 2100
2025/06/12 21:01:10 [数据流转] 收到数据: 股票=SH600519, 类型=4, 数据结构=[]interface {}
2025/06/12 21:01:10 [数据流转] 逐笔成交数据为数组格式，长度: 39
2025/06/12 21:01:10 [数据流转] 成功解析 39 条逐笔成交记录
[逐笔成交] 股票: SH600519, 价格: 1459.0000, 成交量: -87, 时间: 15:00:01, 成交ID: 39744
[逐笔成交] 股票: SH600519, 价格: 1459.0000, 成交量: 13, 时间: 15:00:01, 成交ID: 39745
[逐笔成交] 股票: SH600519, 价格: 1459.0000, 成交量: -87, 时间: 15:00:01, 成交ID: 39746
2025/06/12 21:01:10 [数据流转] 收到数据: 股票=SH600036, 类型=4, 数据结构=[]interface {}
2025/06/12 21:01:10 [数据流转] 逐笔成交数据为数组格式，长度: 49
2025/06/12 21:01:10 [数据流转] 成功解析 49 条逐笔成交记录
[逐笔成交] 股票: SH600036, 价格: 45.2300, 成交量: -100, 时间: 15:00:00, 成交ID: 66272
[逐笔成交] 股票: SH600036, 价格: 45.2300, 成交量: -400, 时间: 15:00:00, 成交ID: 66273
[逐笔成交] 股票: SH600036, 价格: 45.2300, 成交量: -4370, 时间: 15:00:00, 成交ID: 66274
2025/06/12 21:01:10 [数据流转] 收到数据: 股票=SH600000, 类型=8, 数据结构=[]interface {}
2025/06/12 21:01:10 [数据流转] 逐笔明细数据为数组格式，长度: 37
2025/06/12 21:01:10 [数据流转] 成功解析 37 条逐笔明细记录
[逐笔明细] 股票: SH600000, 包ID: 43232, 买单ID: 0, 卖单ID: 0
          买价: 12.4800, 买量: 38700, 卖价: 12.4100, 卖量: 200
[逐笔明细] 股票: SH600000, 包ID: 43233, 买单ID: 0, 卖单ID: 0
          买价: 12.4800, 买量: 38700, 卖价: 12.4200, 卖量: 3000
[逐笔明细] 股票: SH600000, 包ID: 43234, 买单ID: 0, 卖单ID: 0
          买价: 12.4800, 买量: 38700, 卖价: 12.4200, 卖量: 1300
signal: interrupt
