认证成功，开始演示批量操作...
批量订阅 7 只股票...
批量订阅请求已发送
2025/06/12 21:01:31 [数据流转] 收到数据: 股票=SZ000001, 类型=4, 数据结构=[]interface {}
2025/06/12 21:01:31 [数据流转] 逐笔成交数据为数组格式，长度: 49
2025/06/12 21:01:31 [数据流转] 成功解析 49 条逐笔成交记录
[逐笔成交] 股票: SZ000001, 价格: 11.6800, 成交量: 200, 时间: 15:00:00, 成交ID: 77120
[逐笔成交] 股票: SZ000001, 价格: 11.6800, 成交量: 500, 时间: 15:00:00, 成交ID: 77121
[逐笔成交] 股票: SZ000001, 价格: 11.6800, 成交量: 400, 时间: 15:00:00, 成交ID: 77122
[逐笔成交] 股票: SZ000001, 价格: 11.6800, 成交量: 16700, 时间: 15:00:00, 成交ID: 77141
2025/06/12 21:01:31 [数据流转] 收到数据: 股票=SZ000002, 类型=4, 数据结构=[]interface {}
2025/06/12 21:01:31 [数据流转] 逐笔成交数据为数组格式，长度: 56
2025/06/12 21:01:31 [数据流转] 成功解析 56 条逐笔成交记录
[逐笔成交] 股票: SZ000002, 价格: 6.5100, 成交量: 1000, 时间: 15:00:00, 成交ID: 39584
[逐笔成交] 股票: SZ000002, 价格: 6.5100, 成交量: 1400, 时间: 15:00:00, 成交ID: 39585
[逐笔成交] 股票: SZ000002, 价格: 6.5100, 成交量: 700, 时间: 15:00:00, 成交ID: 39586
[逐笔成交] 股票: SZ000002, 价格: 6.5100, 成交量: 19900, 时间: 15:00:00, 成交ID: 39589
[逐笔成交] 股票: SZ000002, 价格: 6.5100, 成交量: 40000, 时间: 15:00:00, 成交ID: 39604
[逐笔成交] 股票: SZ000002, 价格: 6.5100, 成交量: 11700, 时间: 15:00:00, 成交ID: 39620
2025/06/12 21:01:31 [数据流转] 收到数据: 股票=SZ000002, 类型=14, 数据结构=[]interface {}
2025/06/12 21:01:31 [数据流转] 逐笔委托数据为数组格式，长度: 33
2025/06/12 21:01:31 [数据流转] 成功解析 33 条逐笔委托记录
[逐笔委托] 股票: SZ000002, 价格: 6.5600, 数量: 75800, 类型: 买入报单, 时间: 14:59:50.000, 索引: 80033
[逐笔委托] 股票: SZ000002, 价格: 6.5500, 数量: 800, 类型: 卖出报单, 时间: 14:59:50.390, 索引: 80034
[逐笔委托] 股票: SZ000002, 价格: 6.5300, 数量: 15300, 类型: 买入报单, 时间: 14:59:51.050, 索引: 80035
[逐笔委托] 股票: SZ000002, 价格: 6.4400, 数量: 20000, 类型: 卖出报单, 时间: 14:59:51.150, 索引: 80036
[逐笔委托] 股票: SZ000002, 价格: 6.4600, 数量: 40800, 类型: 卖出报单, 时间: 14:59:56.490, 索引: 80053
[逐笔委托] 股票: SZ000002, 价格: 6.5000, 数量: 17000, 类型: 卖出报单, 时间: 14:59:59.140, 索引: 80063
2025/06/12 21:01:31 [数据流转] 收到数据: 股票=SZ002094, 类型=8, 数据结构=[]interface {}
2025/06/12 21:01:31 [数据流转] 逐笔明细数据为数组格式，长度: 56
2025/06/12 21:01:31 [数据流转] 成功解析 56 条逐笔明细记录
[逐笔明细] 股票: SZ002094, 包ID: 87840, 买单ID: 87841,买标识:192, 卖单ID: 87839,卖标识:0 
          买价: 9.2700, 买量: 2200, 卖价: 9.2700, 卖量: 4500
[逐笔明细] 股票: SZ002094, 包ID: 87841, 买单ID: 87842,买标识:64, 卖单ID: 87839,卖标识:128 
          买价: 9.2700, 买量: 3300, 卖价: 9.2700, 卖量: 4500
[逐笔明细] 股票: SZ002094, 包ID: 87842, 买单ID: 87842,买标识:0, 卖单ID: 87843,卖标识:192 
          买价: 9.2700, 买量: 3300, 卖价: 9.2700, 卖量: 1000
2025/06/12 21:01:31 [数据流转] 收到数据: 股票=SH600036, 类型=4, 数据结构=[]interface {}
2025/06/12 21:01:31 [数据流转] 逐笔成交数据为数组格式，长度: 49
2025/06/12 21:01:31 [数据流转] 成功解析 49 条逐笔成交记录
[逐笔成交] 股票: SH600036, 价格: 45.2300, 成交量: -100, 时间: 15:00:00, 成交ID: 66272
[逐笔成交] 股票: SH600036, 价格: 45.2300, 成交量: -400, 时间: 15:00:00, 成交ID: 66273
[逐笔成交] 股票: SH600036, 价格: 45.2300, 成交量: -4370, 时间: 15:00:00, 成交ID: 66274
2025/06/12 21:01:31 [数据流转] 收到数据: 股票=SH600000, 类型=14, 数据结构=[]interface {}
2025/06/12 21:01:31 [数据流转] 逐笔委托数据为数组格式，长度: 54
2025/06/12 21:01:31 [数据流转] 成功解析 54 条逐笔委托记录
[逐笔委托] 股票: SH600000, 价格: 12.7000, 数量: 100, 类型: 买入报单, 时间: 01:45:94.537, 索引: 59489
[逐笔委托] 股票: SH600000, 价格: 12.5400, 数量: 2100, 类型: 卖出报单, 时间: 01:45:94.554, 索引: 59490
[逐笔委托] 股票: SH600000, 价格: 12.5400, 数量: 2100, 类型: 卖出报单, 时间: 01:45:94.554, 索引: 59491
[逐笔委托] 股票: SH600000, 价格: 12.3700, 数量: 11000, 类型: 卖出报单, 时间: 01:45:94.601, 索引: 59494
[逐笔委托] 股票: SH600000, 价格: 12.7000, 数量: 70700, 类型: 买入报单, 时间: 01:45:94.658, 索引: 59496
[逐笔委托] 股票: SH600000, 价格: 12.4600, 数量: 11000, 类型: 买入报单, 时间: 01:45:94.759, 索引: 59506
[逐笔委托] 股票: SH600000, 价格: 12.4800, 数量: 38700, 类型: 买入报单, 时间: 01:45:95.688, 索引: 59536
2025/06/12 21:01:31 [数据流转] 收到数据: 股票=SH600000, 类型=4, 数据结构=[]interface {}
2025/06/12 21:01:31 [数据流转] 逐笔成交数据为数组格式，长度: 37
2025/06/12 21:01:31 [数据流转] 成功解析 37 条逐笔成交记录
[逐笔成交] 股票: SH600000, 价格: 12.4600, 成交量: 200, 时间: 15:00:00, 成交ID: 43232
[逐笔成交] 股票: SH600000, 价格: 12.4600, 成交量: 3000, 时间: 15:00:00, 成交ID: 43233
[逐笔成交] 股票: SH600000, 价格: 12.4600, 成交量: 1300, 时间: 15:00:00, 成交ID: 43234
[逐笔成交] 股票: SH600000, 价格: 12.4600, 成交量: 14900, 时间: 15:00:00, 成交ID: 43248
2025/06/12 21:01:31 [数据流转] 收到数据: 股票=SH600519, 类型=8, 数据结构=[]interface {}
2025/06/12 21:01:31 [数据流转] 逐笔明细数据为数组格式，长度: 39
2025/06/12 21:01:31 [数据流转] 成功解析 39 条逐笔明细记录
[逐笔明细] 股票: SH600519, 包ID: 39744, 买单ID: 39744,买标识:128, 卖单ID: 39745,卖标识:64 
          买价: 1459.0000, 买量: 100, 卖价: 1458.9800, 卖量: 100
[逐笔明细] 股票: SH600519, 包ID: 39745, 买单ID: 39746,买标识:64, 卖单ID: 39745,卖标识:128 
          买价: 1459.0000, 买量: 100, 卖价: 1458.9800, 卖量: 100
[逐笔明细] 股票: SH600519, 包ID: 39746, 买单ID: 39746,买标识:128, 卖单ID: 39747,卖标识:64 
          买价: 1459.0000, 买量: 100, 卖价: 1458.9800, 卖量: 100
当前订阅数量: 7
  002094: [4 8]
  000001: [4 8]
  000002: [4 14]
  600000: [4 8 14]
  600036: [4]
  600519: [4 8]
  002177: [14]
演示完成，按任意键退出...
2025/06/12 21:02:50 [数据流转] 收到数据: 股票=SZ000002, 类型=4, 数据结构=[]interface {}
2025/06/12 21:02:50 [数据流转] 逐笔成交数据为数组格式，长度: 56
2025/06/12 21:02:50 [数据流转] 成功解析 56 条逐笔成交记录
[逐笔成交] 股票: SZ000002, 价格: 6.5100, 成交量: 1000, 时间: 15:00:00, 成交ID: 39584
[逐笔成交] 股票: SZ000002, 价格: 6.5100, 成交量: 1400, 时间: 15:00:00, 成交ID: 39585
[逐笔成交] 股票: SZ000002, 价格: 6.5100, 成交量: 700, 时间: 15:00:00, 成交ID: 39586
[逐笔成交] 股票: SZ000002, 价格: 6.5100, 成交量: 19900, 时间: 15:00:00, 成交ID: 39589
[逐笔成交] 股票: SZ000002, 价格: 6.5100, 成交量: 40000, 时间: 15:00:00, 成交ID: 39604
[逐笔成交] 股票: SZ000002, 价格: 6.5100, 成交量: 11700, 时间: 15:00:00, 成交ID: 39620
2025/06/12 21:02:50 [数据流转] 收到数据: 股票=SZ000002, 类型=14, 数据结构=[]interface {}
2025/06/12 21:02:50 [数据流转] 逐笔委托数据为数组格式，长度: 33
2025/06/12 21:02:50 [数据流转] 成功解析 33 条逐笔委托记录
[逐笔委托] 股票: SZ000002, 价格: 6.5600, 数量: 75800, 类型: 买入报单, 时间: 14:59:50.000, 索引: 80033
[逐笔委托] 股票: SZ000002, 价格: 6.5500, 数量: 800, 类型: 卖出报单, 时间: 14:59:50.390, 索引: 80034
[逐笔委托] 股票: SZ000002, 价格: 6.5300, 数量: 15300, 类型: 买入报单, 时间: 14:59:51.050, 索引: 80035
[逐笔委托] 股票: SZ000002, 价格: 6.4400, 数量: 20000, 类型: 卖出报单, 时间: 14:59:51.150, 索引: 80036
[逐笔委托] 股票: SZ000002, 价格: 6.4600, 数量: 40800, 类型: 卖出报单, 时间: 14:59:56.490, 索引: 80053
[逐笔委托] 股票: SZ000002, 价格: 6.5000, 数量: 17000, 类型: 卖出报单, 时间: 14:59:59.140, 索引: 80063
2025/06/12 21:02:50 [数据流转] 收到数据: 股票=SZ002094, 类型=8, 数据结构=[]interface {}
2025/06/12 21:02:50 [数据流转] 逐笔明细数据为数组格式，长度: 56
2025/06/12 21:02:50 [数据流转] 成功解析 56 条逐笔明细记录
[逐笔明细] 股票: SZ002094, 包ID: 87840, 买单ID: 87841,买标识:192, 卖单ID: 87839,卖标识:0 
          买价: 9.2700, 买量: 2200, 卖价: 9.2700, 卖量: 4500
[逐笔明细] 股票: SZ002094, 包ID: 87841, 买单ID: 87842,买标识:64, 卖单ID: 87839,卖标识:128 
          买价: 9.2700, 买量: 3300, 卖价: 9.2700, 卖量: 4500
[逐笔明细] 股票: SZ002094, 包ID: 87842, 买单ID: 87842,买标识:0, 卖单ID: 87843,卖标识:192 
          买价: 9.2700, 买量: 3300, 卖价: 9.2700, 卖量: 1000
收到错误: read message error: websocket: close 1001 (going away): 服务器正在关闭
收到错误: ping error: websocket: close sent
